Using pre-set license
Built from '2020.3/staging' branch; Version is '2020.3.17f1 (a4537701e4ab) revision 10769271'; Using compiler version '192528614'; Build Type 'Release'
OS: 'Windows 10 Home; OS build 19044.1889; Version 2009; 64bit' Language: 'ko' Physical Memory: 16080 MB
BatchMode: 1, IsHumanControllingUs: 0, StartBugReporterOnCrash: 0, Is64bit: 1, IsPro: 0

COMMAND LINE ARGUMENTS:
C:\Program Files\Unity\Editor\Unity.exe
-adb2
-batchMode
-noUpm
-name
AssetImportWorker1
-projectPath
C:/Users/zyx20/GitHub/ReZeroDream/ReZeroDream
-logFile
Logs/AssetImportWorker1.log
-srvPort
2529
Successfully changed project path to: C:/Users/zyx20/GitHub/ReZeroDream/ReZeroDream
C:/Users/zyx20/GitHub/ReZeroDream/ReZeroDream
Using Asset Import Pipeline V2.
Refreshing native plugins compatible for Editor in 342.83 ms, found 3 plugins.
Preloading 0 native plugins for Editor in 0.00 ms.
Initialize engine version: 2020.3.17f1 (a4537701e4ab)
[Subsystems] Discovering subsystems at path C:/Program Files/Unity/Editor/Data/Resources/UnitySubsystems
[Subsystems] Discovering subsystems at path C:/Users/zyx20/GitHub/ReZeroDream/ReZeroDream/Assets
GfxDevice: creating device client; threaded=0
Direct3D:
    Version:  Direct3D 11.0 [level 11.1]
    Renderer: Intel(R) Iris(R) Xe Graphics (ID=0x9a49)
    Vendor:   
    VRAM:     8040 MB
    Driver:   30.0.101.1003
Initialize mono
Mono path[0] = 'C:/Program Files/Unity/Editor/Data/Managed'
Mono path[1] = 'C:/Program Files/Unity/Editor/Data/MonoBleedingEdge/lib/mono/unityjit'
Mono config path = 'C:/Program Files/Unity/Editor/Data/MonoBleedingEdge/etc'
Using monoOptions --debugger-agent=transport=dt_socket,embedding=1,server=y,suspend=n,address=127.0.0.1:56712
Begin MonoManager ReloadAssembly
Registering precompiled unity dll's ...
Register platform support module: C:/Program Files/Unity/Editor/Data/PlaybackEngines/WindowsStandaloneSupport/UnityEditor.WindowsStandalone.Extensions.dll
Registered in 0.006268 seconds.
Native extension for WindowsStandalone target not found
Refreshing native plugins compatible for Editor in 343.93 ms, found 3 plugins.
Preloading 0 native plugins for Editor in 0.00 ms.
Mono: successfully reloaded assembly
- Completed reload, in  2.665 seconds
Domain Reload Profiling:
	ReloadAssembly (2666ms)
		BeginReloadAssembly (146ms)
			ExecutionOrderSort (0ms)
			DisableScriptedObjects (0ms)
			BackupInstance (0ms)
			ReleaseScriptingObjects (0ms)
			CreateAndSetChildDomain (2ms)
		EndReloadAssembly (1100ms)
			LoadAssemblies (140ms)
			RebuildTransferFunctionScriptingTraits (0ms)
			SetupTypeCache (287ms)
			ReleaseScriptCaches (0ms)
			RebuildScriptCaches (59ms)
			SetupLoadedEditorAssemblies (598ms)
				LogAssemblyErrors (0ms)
				InitializePlatformSupportModulesInManaged (9ms)
				SetLoadedEditorAssemblies (0ms)
				RefreshPlugins (344ms)
				BeforeProcessingInitializeOnLoad (33ms)
				ProcessInitializeOnLoadAttributes (151ms)
				ProcessInitializeOnLoadMethodAttributes (60ms)
				AfterProcessingInitializeOnLoad (0ms)
				EditorAssembliesLoaded (0ms)
			ExecutionOrderSort2 (0ms)
			AwakeInstancesAfterBackupRestoration (0ms)
Platform modules already initialized, skipping
Registering precompiled user dll's ...
Registered in 0.017991 seconds.
Begin MonoManager ReloadAssembly
Symbol file data-0000023B067F1CE0 doesn't match image C:\Users\zyx20\GitHub\ReZeroDream\ReZeroDream\Library\ScriptAssemblies\Unity.VisualScripting.Flow.Editor.dll
Symbol file LoadedFromMemory is not a mono symbol file
Symbol file data-0000023B072629B0 doesn't match image C:\Users\zyx20\GitHub\ReZeroDream\ReZeroDream\Library\ScriptAssemblies\Unity.VSCode.Editor.dll
Symbol file LoadedFromMemory is not a mono symbol file
Symbol file data-0000023B06872810 doesn't match image C:\Users\zyx20\GitHub\ReZeroDream\ReZeroDream\Library\ScriptAssemblies\Unity.RenderPipelines.Universal.Shaders.dll
Symbol file LoadedFromMemory is not a mono symbol file
Symbol file data-0000023B01B7DA70 doesn't match image C:\Users\zyx20\GitHub\ReZeroDream\ReZeroDream\Library\ScriptAssemblies\Unity.RenderPipelines.Universal.Runtime.dll
Symbol file LoadedFromMemory is not a mono symbol file
Symbol file data-0000023B07F3E010 doesn't match image C:\Users\zyx20\GitHub\ReZeroDream\ReZeroDream\Library\ScriptAssemblies\Unity.TextMeshPro.Editor.dll
Symbol file LoadedFromMemory is not a mono symbol file
Symbol file data-0000023B07C48820 doesn't match image C:\Users\zyx20\GitHub\ReZeroDream\ReZeroDream\Library\ScriptAssemblies\Unity.VisualStudio.Editor.dll
Symbol file LoadedFromMemory is not a mono symbol file
Symbol file data-0000023B07317230 doesn't match image C:\Users\zyx20\GitHub\ReZeroDream\ReZeroDream\Library\ScriptAssemblies\UnityEngine.TestRunner.dll
Symbol file LoadedFromMemory is not a mono symbol file
Symbol file data-0000023B06856010 doesn't match image C:\Users\zyx20\GitHub\ReZeroDream\ReZeroDream\Library\ScriptAssemblies\Unity.Timeline.dll
Symbol file LoadedFromMemory is not a mono symbol file
Symbol file data-0000023B079E0080 doesn't match image C:\Users\zyx20\GitHub\ReZeroDream\ReZeroDream\Library\ScriptAssemblies\Unity.VisualScripting.Core.Editor.dll
Symbol file LoadedFromMemory is not a mono symbol file
Symbol file data-0000023B06C16020 doesn't match image C:\Users\zyx20\GitHub\ReZeroDream\ReZeroDream\Library\ScriptAssemblies\Unity.TextMeshPro.dll
Symbol file LoadedFromMemory is not a mono symbol file
Symbol file data-0000023B07C48820 doesn't match image C:\Users\zyx20\GitHub\ReZeroDream\ReZeroDream\Library\ScriptAssemblies\Unity.VisualScripting.State.Editor.dll
Symbol file LoadedFromMemory is not a mono symbol file
Symbol file data-0000023B06C45830 doesn't match image C:\Users\zyx20\GitHub\ReZeroDream\ReZeroDream\Library\ScriptAssemblies\UnityEditor.TestRunner.dll
Symbol file LoadedFromMemory is not a mono symbol file
Symbol file data-0000023B07F53620 doesn't match image C:\Users\zyx20\GitHub\ReZeroDream\ReZeroDream\Library\ScriptAssemblies\Unity.Searcher.Editor.dll
Symbol file LoadedFromMemory is not a mono symbol file
Symbol file data-0000023B01C40010 doesn't match image C:\Users\zyx20\GitHub\ReZeroDream\ReZeroDream\Library\ScriptAssemblies\Unity.VisualScripting.SettingsProvider.Editor.dll
Symbol file LoadedFromMemory is not a mono symbol file
Symbol file data-0000023B01C8FA60 doesn't match image C:\Users\zyx20\GitHub\ReZeroDream\ReZeroDream\Library\ScriptAssemblies\Unity.RenderPipelines.Core.Runtime.dll
Symbol file LoadedFromMemory is not a mono symbol file
Symbol file data-0000023B07265BC0 doesn't match image C:\Users\zyx20\GitHub\ReZeroDream\ReZeroDream\Library\ScriptAssemblies\Unity.ShaderGraph.Utilities.dll
Symbol file LoadedFromMemory is not a mono symbol file
Symbol file data-0000023B06944020 doesn't match image C:\Users\zyx20\GitHub\ReZeroDream\ReZeroDream\Library\ScriptAssemblies\Unity.VisualScripting.Flow.dll
Symbol file LoadedFromMemory is not a mono symbol file
Symbol file data-0000023B07C48820 doesn't match image C:\Users\zyx20\GitHub\ReZeroDream\ReZeroDream\Library\ScriptAssemblies\UnityEditor.UI.dll
Symbol file LoadedFromMemory is not a mono symbol file
Symbol file data-0000023B070E1020 doesn't match image C:\Users\zyx20\GitHub\ReZeroDream\ReZeroDream\Library\ScriptAssemblies\Unity.InputSystem.dll
Symbol file LoadedFromMemory is not a mono symbol file
Symbol file data-0000023B02237050 doesn't match image C:\Users\zyx20\GitHub\ReZeroDream\ReZeroDream\Library\ScriptAssemblies\Unity.Rider.Editor.dll
Symbol file LoadedFromMemory is not a mono symbol file
Symbol file data-0000023B018F1E80 doesn't match image C:\Users\zyx20\GitHub\ReZeroDream\ReZeroDream\Library\ScriptAssemblies\Unity.RenderPipelines.Core.ShaderLibrary.dll
Symbol file LoadedFromMemory is not a mono symbol file
Symbol file data-0000023B06C6A020 doesn't match image C:\Users\zyx20\GitHub\ReZeroDream\ReZeroDream\Library\ScriptAssemblies\UnityEngine.UI.dll
Symbol file LoadedFromMemory is not a mono symbol file
Symbol file data-0000023B06C6A020 doesn't match image C:\Users\zyx20\GitHub\ReZeroDream\ReZeroDream\Library\ScriptAssemblies\Unity.PlasticSCM.Editor.dll
Symbol file LoadedFromMemory is not a mono symbol file
Symbol file data-0000023B06C6A020 doesn't match image C:\Users\zyx20\GitHub\ReZeroDream\ReZeroDream\Library\ScriptAssemblies\Unity.VisualScripting.Core.dll
Symbol file LoadedFromMemory is not a mono symbol file
Symbol file data-0000023B0707B020 doesn't match image C:\Users\zyx20\GitHub\ReZeroDream\ReZeroDream\Library\ScriptAssemblies\Unity.Mathematics.dll
Symbol file LoadedFromMemory is not a mono symbol file
Symbol file data-0000023B07474010 doesn't match image C:\Users\zyx20\GitHub\ReZeroDream\ReZeroDream\Library\ScriptAssemblies\Unity.ShaderGraph.Editor.dll
Symbol file LoadedFromMemory is not a mono symbol file
Symbol file data-0000023B0678D030 doesn't match image C:\Users\zyx20\GitHub\ReZeroDream\ReZeroDream\Library\ScriptAssemblies\Unity.Services.Core.Editor.dll
Symbol file LoadedFromMemory is not a mono symbol file
Symbol file data-0000023B02201630 doesn't match image C:\Users\zyx20\GitHub\ReZeroDream\ReZeroDream\Library\ScriptAssemblies\Cinemachine.dll
Symbol file LoadedFromMemory is not a mono symbol file
Symbol file data-0000023B06D96430 doesn't match image C:\Users\zyx20\GitHub\ReZeroDream\ReZeroDream\Library\ScriptAssemblies\com.unity.cinemachine.editor.dll
Symbol file LoadedFromMemory is not a mono symbol file
Symbol file data-0000023B02201630 doesn't match image C:\Users\zyx20\GitHub\ReZeroDream\ReZeroDream\Library\ScriptAssemblies\Unity.RenderPipelines.Universal.Editor.dll
Symbol file LoadedFromMemory is not a mono symbol file
Symbol file data-0000023B024CB020 doesn't match image C:\Users\zyx20\GitHub\ReZeroDream\ReZeroDream\Library\ScriptAssemblies\Unity.VisualScripting.Shared.Editor.dll
Symbol file LoadedFromMemory is not a mono symbol file
Symbol file data-0000023B06873120 doesn't match image C:\Users\zyx20\GitHub\ReZeroDream\ReZeroDream\Library\ScriptAssemblies\Unity.RenderPipeline.Universal.ShaderLibrary.dll
Symbol file LoadedFromMemory is not a mono symbol file
Symbol file data-0000023B018F2240 doesn't match image C:\Users\zyx20\GitHub\ReZeroDream\ReZeroDream\Library\ScriptAssemblies\Unity.RenderPipelines.ShaderGraph.ShaderGraphLibrary.dll
Symbol file LoadedFromMemory is not a mono symbol file
Symbol file data-0000023B01E3CC60 doesn't match image C:\Users\zyx20\GitHub\ReZeroDream\ReZeroDream\Library\ScriptAssemblies\Unity.Timeline.Editor.dll
Symbol file LoadedFromMemory is not a mono symbol file
Symbol file data-0000023B01B90680 doesn't match image C:\Users\zyx20\GitHub\ReZeroDream\ReZeroDream\Library\ScriptAssemblies\Unity.CollabProxy.Editor.dll
Symbol file LoadedFromMemory is not a mono symbol file
Symbol file data-0000023B01CADCB0 doesn't match image C:\Users\zyx20\GitHub\ReZeroDream\ReZeroDream\Library\ScriptAssemblies\Unity.Mathematics.Editor.dll
Symbol file LoadedFromMemory is not a mono symbol file
Symbol file data-0000023B06CE6630 doesn't match image C:\Users\zyx20\GitHub\ReZeroDream\ReZeroDream\Library\ScriptAssemblies\Unity.RenderPipelines.Core.Editor.dll
Symbol file LoadedFromMemory is not a mono symbol file
Symbol file data-0000023B0731F240 doesn't match image C:\Users\zyx20\GitHub\ReZeroDream\ReZeroDream\Library\ScriptAssemblies\Unity.VisualScripting.State.dll
Symbol file LoadedFromMemory is not a mono symbol file
Symbol file LoadedFromMemory doesn't match image C:\Users\zyx20\GitHub\ReZeroDream\ReZeroDream\Library\PackageCache\com.unity.visualscripting@1.7.8\Editor\VisualScripting.Core\Dependencies\YamlDotNet\Unity.VisualScripting.YamlDotNet.dll
Symbol file LoadedFromMemory doesn't match image C:\Users\zyx20\GitHub\ReZeroDream\ReZeroDream\Library\PackageCache\com.unity.visualscripting@1.7.8\Editor\VisualScripting.Core\Dependencies\DotNetZip\Unity.VisualScripting.IonicZip.dll
Native extension for WindowsStandalone target not found
Refreshing native plugins compatible for Editor in 360.76 ms, found 3 plugins.
Preloading 0 native plugins for Editor in 0.00 ms.
Mono: successfully reloaded assembly
- Completed reload, in  3.140 seconds
Domain Reload Profiling:
	ReloadAssembly (3142ms)
		BeginReloadAssembly (301ms)
			ExecutionOrderSort (0ms)
			DisableScriptedObjects (9ms)
			BackupInstance (0ms)
			ReleaseScriptingObjects (0ms)
			CreateAndSetChildDomain (32ms)
		EndReloadAssembly (2699ms)
			LoadAssemblies (235ms)
			RebuildTransferFunctionScriptingTraits (0ms)
			SetupTypeCache (778ms)
			ReleaseScriptCaches (1ms)
			RebuildScriptCaches (127ms)
			SetupLoadedEditorAssemblies (1331ms)
				LogAssemblyErrors (0ms)
				InitializePlatformSupportModulesInManaged (8ms)
				SetLoadedEditorAssemblies (0ms)
				RefreshPlugins (361ms)
				BeforeProcessingInitializeOnLoad (260ms)
				ProcessInitializeOnLoadAttributes (661ms)
				ProcessInitializeOnLoadMethodAttributes (19ms)
				AfterProcessingInitializeOnLoad (21ms)
				EditorAssembliesLoaded (1ms)
			ExecutionOrderSort2 (0ms)
			AwakeInstancesAfterBackupRestoration (11ms)
Platform modules already initialized, skipping
========================================================================
Worker process is ready to serve import requests
Launched and connected shader compiler UnityShaderCompiler.exe after 0.12 seconds
Refreshing native plugins compatible for Editor in 2.07 ms, found 3 plugins.
Preloading 0 native plugins for Editor in 0.00 ms.
Unloading 4955 Unused Serialized files (Serialized files now loaded: 0)
System memory in use before: 198.5 MB.
System memory in use after: 198.6 MB.

Unloading 28 unused Assets to reduce memory usage. Loaded Objects now: 5392.
Total: 6.781500 ms (FindLiveObjects: 0.495400 ms CreateObjectMapping: 0.300700 ms MarkObjects: 5.723300 ms  DeleteObjects: 0.260000 ms)

AssetImportParameters requested are different than current active one (requested -> active):
  custom:framework-win-MediaFoundation: 216162199b28c13a410421893ffa2e32 -> 
  custom:video-decoder-ogg-theora: a1e56fd34408186e4bbccfd4996cb3dc -> 
  custom:container-muxer-webm: aa71ff27fc2769a1b78a27578f13a17b -> 
  custom:container-demuxer-webm: 4f35f7cbe854078d1ac9338744f61a02 -> 
  custom:container-demuxer-ogg: 62fdf1f143b41e24485cea50d1cbac27 -> 
  custom:video-encoder-webm-vp8: eb34c28f22e8b96e1ab97ce403110664 -> 
  custom:video-decoder-webm-vp8: 9c59270c3fd7afecdb556c50c9e8de78 -> 
  custom:audio-decoder-ogg-vorbis: bf7c407c2cedff20999df2af8eb42d56 -> 
  custom:audio-encoder-webm-vorbis: bf7c407c2cedff20999df2af8eb42d56 -> 
========================================================================
Received Import Request.
  path: Assets/Fonts/UhBee charming SDF.asset
  artifactKey: Guid(efe99cd9c820f9142b763d2ca6b8f0db) Importer(815301076,1909f56bfc062723c751e8b465ee728b)
Start importing Assets/Fonts/UhBee charming SDF.asset using Guid(efe99cd9c820f9142b763d2ca6b8f0db) Importer(815301076,1909f56bfc062723c751e8b465ee728b)  -> (artifact id: 'f2e71bc3c139f7d52829f75da827de10') in 11.286686 seconds 
  Import took 11.305792 seconds .

========================================================================
Received Import Request.
  Time since last request: 0.000555 seconds.
  path: Assets/ImportAssets/AddOns/MgLEGO Moody Skies/Materials/Skyboxes/Underwater.mat
  artifactKey: Guid(4465f00a8737b3443b4e1668bd5806b1) Importer(815301076,1909f56bfc062723c751e8b465ee728b)
Start importing Assets/ImportAssets/AddOns/MgLEGO Moody Skies/Materials/Skyboxes/Underwater.mat using Guid(4465f00a8737b3443b4e1668bd5806b1) Importer(815301076,1909f56bfc062723c751e8b465ee728b)  -> (artifact id: 'da9a86b96d5694fd8e2a87354195534a') in 2.119395 seconds 
  Import took 2.137610 seconds .

========================================================================
Received Import Request.
  Time since last request: 0.000588 seconds.
  path: Assets/ImportAssets/Books/Materials/URP/Tube1.mat
  artifactKey: Guid(85bd527616013e34e920a6ae1ea5ca15) Importer(815301076,1909f56bfc062723c751e8b465ee728b)
Start importing Assets/ImportAssets/Books/Materials/URP/Tube1.mat using Guid(85bd527616013e34e920a6ae1ea5ca15) Importer(815301076,1909f56bfc062723c751e8b465ee728b)  -> (artifact id: 'd15d6102e17c0dcf7ebc0b1124a1575b') in 3.097781 seconds 
  Import took 3.113112 seconds .

========================================================================
Received Import Request.
  Time since last request: 0.000595 seconds.
  path: Assets/ImportAssets/PolygonTown/Materials/Misc/TelevisionScreen.mat
  artifactKey: Guid(8eff857d740a5324da5dcd15b3197d3d) Importer(815301076,1909f56bfc062723c751e8b465ee728b)
Start importing Assets/ImportAssets/PolygonTown/Materials/Misc/TelevisionScreen.mat using Guid(8eff857d740a5324da5dcd15b3197d3d) Importer(815301076,1909f56bfc062723c751e8b465ee728b)  -> (artifact id: '57cc5f01ef5eba9de76a6d978962e22c') in 1.055818 seconds 
  Import took 1.073114 seconds .

========================================================================
Received Import Request.
  Time since last request: 0.000678 seconds.
  path: Assets/ImportAssets/Books/Materials/HDRP/Tube2.mat
  artifactKey: Guid(7c27827ab73a24a48808a617baedf8ff) Importer(815301076,1909f56bfc062723c751e8b465ee728b)
Start importing Assets/ImportAssets/Books/Materials/HDRP/Tube2.mat using Guid(7c27827ab73a24a48808a617baedf8ff) Importer(815301076,1909f56bfc062723c751e8b465ee728b)  -> (artifact id: 'ce7d673427bc4d842851c9a912cec5d4') in 2.064510 seconds 
  Import took 2.080300 seconds .

========================================================================
Received Import Request.
  Time since last request: 0.000609 seconds.
  path: Assets/ImportAssets/PolygonTown/Materials/Misc/Veh_Glass.mat
  artifactKey: Guid(28d911d60eed0d64fb122f25adeed646) Importer(815301076,1909f56bfc062723c751e8b465ee728b)
Start importing Assets/ImportAssets/PolygonTown/Materials/Misc/Veh_Glass.mat using Guid(28d911d60eed0d64fb122f25adeed646) Importer(815301076,1909f56bfc062723c751e8b465ee728b)  -> (artifact id: '089ce6b5b735f565110e472f4308368c') in 0.032357 seconds 
  Import took 0.047620 seconds .

========================================================================
Received Import Request.
  Time since last request: 0.000611 seconds.
  path: Assets/ImportAssets/Books/Materials/Standard/Tube1.mat
  artifactKey: Guid(f50429f20fee13a4882a9a81f362bce9) Importer(815301076,1909f56bfc062723c751e8b465ee728b)
Start importing Assets/ImportAssets/Books/Materials/Standard/Tube1.mat using Guid(f50429f20fee13a4882a9a81f362bce9) Importer(815301076,1909f56bfc062723c751e8b465ee728b)  -> (artifact id: '9fbbf92177e1af29a71cf1daa0d58d18') in 0.044866 seconds 
  Import took 0.060909 seconds .

========================================================================
Received Import Request.
  Time since last request: 0.000630 seconds.
  path: Assets/ImportAssets/PolygonCity/Materials/FX_Materials/Steam_Mat.mat
  artifactKey: Guid(47e542428617fb845a4b882c2b0a699a) Importer(815301076,1909f56bfc062723c751e8b465ee728b)
Start importing Assets/ImportAssets/PolygonCity/Materials/FX_Materials/Steam_Mat.mat using Guid(47e542428617fb845a4b882c2b0a699a) Importer(815301076,1909f56bfc062723c751e8b465ee728b)  -> (artifact id: 'ed98116b09f8dea252f4d0ef65fdde89') in 2.094053 seconds 
  Import took 2.112603 seconds .

========================================================================
Received Import Request.
  Time since last request: 0.000926 seconds.
  path: Assets/ImportAssets/Books/Materials/Standard/Tube2.mat
  artifactKey: Guid(9ead0865ffebf80448caaff38aebc4ae) Importer(815301076,1909f56bfc062723c751e8b465ee728b)
Start importing Assets/ImportAssets/Books/Materials/Standard/Tube2.mat using Guid(9ead0865ffebf80448caaff38aebc4ae) Importer(815301076,1909f56bfc062723c751e8b465ee728b)  -> (artifact id: '8f94fc1c8afbbfd628ab08ab317e8c28') in 0.054368 seconds 
  Import took 0.076279 seconds .

========================================================================
Received Import Request.
  Time since last request: 0.000612 seconds.
  path: Assets/ImportAssets/PolygonTown/Materials/Misc/Water.mat
  artifactKey: Guid(46ea0fb1c8d02e84e83859a62e32fe9c) Importer(815301076,1909f56bfc062723c751e8b465ee728b)
Start importing Assets/ImportAssets/PolygonTown/Materials/Misc/Water.mat using Guid(46ea0fb1c8d02e84e83859a62e32fe9c) Importer(815301076,1909f56bfc062723c751e8b465ee728b)  -> (artifact id: '0715cf90d5831dfec345c9956cf20ae6') in 0.030458 seconds 
  Import took 0.045281 seconds .

========================================================================
Received Import Request.
  Time since last request: 0.000625 seconds.
  path: Assets/ImportAssets/Books/Materials/HDRP/String.mat
  artifactKey: Guid(90e05810c00a33d458c6d7caf68b453b) Importer(815301076,1909f56bfc062723c751e8b465ee728b)
Start importing Assets/ImportAssets/Books/Materials/HDRP/String.mat using Guid(90e05810c00a33d458c6d7caf68b453b) Importer(815301076,1909f56bfc062723c751e8b465ee728b)  -> (artifact id: '3a1fb105520c3a83f433aeab95eee5b9') in 0.029097 seconds 
  Import took 0.043939 seconds .

========================================================================
Received Import Request.
  Time since last request: 0.000384 seconds.
  path: Assets/Models/new/tree01.fbx
  artifactKey: Guid(d9370d5360505cc4ea3c6018a9782af3) Importer(815301076,1909f56bfc062723c751e8b465ee728b)
Start importing Assets/Models/new/tree01.fbx using Guid(d9370d5360505cc4ea3c6018a9782af3) Importer(815301076,1909f56bfc062723c751e8b465ee728b)  -> (artifact id: 'd4cb1087c16853c00188bfe235acd1a9') in 2.180701 seconds 
  Import took 2.196484 seconds .

========================================================================
Received Import Request.
  Time since last request: 0.000851 seconds.
  path: Assets/ImportAssets/Books/Materials/HDRP/Tube1.mat
  artifactKey: Guid(c69dadf6248ed69458fe5ae4bb712d1c) Importer(815301076,1909f56bfc062723c751e8b465ee728b)
Start importing Assets/ImportAssets/Books/Materials/HDRP/Tube1.mat using Guid(c69dadf6248ed69458fe5ae4bb712d1c) Importer(815301076,1909f56bfc062723c751e8b465ee728b)  -> (artifact id: 'e03f76a8ec58b8bb00820b22e98f7a1a') in 0.029389 seconds 
  Import took 0.045500 seconds .

========================================================================
Received Import Request.
  Time since last request: 0.000541 seconds.
  path: Assets/ImportAssets/Books/Materials/URP/Tube2.mat
  artifactKey: Guid(a2693052cf8c9ed43bd2b0bcbead55d3) Importer(815301076,1909f56bfc062723c751e8b465ee728b)
Start importing Assets/ImportAssets/Books/Materials/URP/Tube2.mat using Guid(a2693052cf8c9ed43bd2b0bcbead55d3) Importer(815301076,1909f56bfc062723c751e8b465ee728b)  -> (artifact id: '00c3a2440a83733ae37be8f4216726e7') in 0.042222 seconds 
  Import took 0.058421 seconds .

========================================================================
Received Import Request.
  Time since last request: 0.000588 seconds.
  path: Assets/Models/new/tree02.fbx
  artifactKey: Guid(40dcec3f627a4da4a9bf7f97cfcd8873) Importer(815301076,1909f56bfc062723c751e8b465ee728b)
Start importing Assets/Models/new/tree02.fbx using Guid(40dcec3f627a4da4a9bf7f97cfcd8873) Importer(815301076,1909f56bfc062723c751e8b465ee728b)  -> (artifact id: '541531b1abf01e7f26d7f1d08b78a065') in 0.083026 seconds 
  Import took 0.098451 seconds .

========================================================================
Received Import Request.
  Time since last request: 0.000502 seconds.
  path: Assets/Materials/WallMat.mat
  artifactKey: Guid(5d1447b7ad4c14749992c43898d82887) Importer(815301076,1909f56bfc062723c751e8b465ee728b)
Start importing Assets/Materials/WallMat.mat using Guid(5d1447b7ad4c14749992c43898d82887) Importer(815301076,1909f56bfc062723c751e8b465ee728b)  -> (artifact id: '5d383d61460effd2a19c3d89aa013ef8') in 0.029213 seconds 
  Import took 0.043701 seconds .

========================================================================
Received Import Request.
  Time since last request: 0.000560 seconds.
  path: Assets/ImportAssets/PolygonCity/Materials/FX_Materials/Water_Mat.mat
  artifactKey: Guid(287f5c5596df8d94594c370c2a16aac8) Importer(815301076,1909f56bfc062723c751e8b465ee728b)
Start importing Assets/ImportAssets/PolygonCity/Materials/FX_Materials/Water_Mat.mat using Guid(287f5c5596df8d94594c370c2a16aac8) Importer(815301076,1909f56bfc062723c751e8b465ee728b)  -> (artifact id: '5ca1beb1667473136e8b5f41b68cca9e') in 0.030303 seconds 
  Import took 0.045614 seconds .

AssetImportWorkerClient::OnTransportError - code=2 error=End of file
