Using pre-set license
Built from '2020.3/staging' branch; Version is '2020.3.17f1 (a4537701e4ab) revision 10769271'; Using compiler version '192528614'; Build Type 'Release'
OS: 'Windows 10 Home; OS build 19044.1889; Version 2009; 64bit' Language: 'ko' Physical Memory: 16080 MB
BatchMode: 1, IsHumanControllingUs: 0, StartBugReporterOnCrash: 0, Is64bit: 1, IsPro: 0

COMMAND LINE ARGUMENTS:
C:\Program Files\Unity\Editor\Unity.exe
-adb2
-batchMode
-noUpm
-name
AssetImportWorker0
-projectPath
C:/Users/zyx20/GitHub/ReZeroDream/ReZeroDream
-logFile
Logs/AssetImportWorker0.log
-srvPort
14738
Successfully changed project path to: C:/Users/zyx20/GitHub/ReZeroDream/ReZeroDream
C:/Users/zyx20/GitHub/ReZeroDream/ReZeroDream
Using Asset Import Pipeline V2.
Refreshing native plugins compatible for Editor in 478.92 ms, found 3 plugins.
Preloading 0 native plugins for Editor in 0.00 ms.
Initialize engine version: 2020.3.17f1 (a4537701e4ab)
[Subsystems] Discovering subsystems at path C:/Program Files/Unity/Editor/Data/Resources/UnitySubsystems
[Subsystems] Discovering subsystems at path C:/Users/zyx20/GitHub/ReZeroDream/ReZeroDream/Assets
GfxDevice: creating device client; threaded=0
Direct3D:
    Version:  Direct3D 11.0 [level 11.1]
    Renderer: Intel(R) Iris(R) Xe Graphics (ID=0x9a49)
    Vendor:   
    VRAM:     8040 MB
    Driver:   30.0.101.1003
Initialize mono
Mono path[0] = 'C:/Program Files/Unity/Editor/Data/Managed'
Mono path[1] = 'C:/Program Files/Unity/Editor/Data/MonoBleedingEdge/lib/mono/unityjit'
Mono config path = 'C:/Program Files/Unity/Editor/Data/MonoBleedingEdge/etc'
Using monoOptions --debugger-agent=transport=dt_socket,embedding=1,server=y,suspend=n,address=127.0.0.1:56576
Begin MonoManager ReloadAssembly
Registering precompiled unity dll's ...
Register platform support module: C:/Program Files/Unity/Editor/Data/PlaybackEngines/WindowsStandaloneSupport/UnityEditor.WindowsStandalone.Extensions.dll
Registered in 0.012097 seconds.
Native extension for WindowsStandalone target not found
Refreshing native plugins compatible for Editor in 464.27 ms, found 3 plugins.
Preloading 0 native plugins for Editor in 0.00 ms.
Mono: successfully reloaded assembly
- Completed reload, in  3.516 seconds
Domain Reload Profiling:
	ReloadAssembly (3517ms)
		BeginReloadAssembly (169ms)
			ExecutionOrderSort (0ms)
			DisableScriptedObjects (0ms)
			BackupInstance (0ms)
			ReleaseScriptingObjects (0ms)
			CreateAndSetChildDomain (2ms)
		EndReloadAssembly (1568ms)
			LoadAssemblies (160ms)
			RebuildTransferFunctionScriptingTraits (0ms)
			SetupTypeCache (439ms)
			ReleaseScriptCaches (0ms)
			RebuildScriptCaches (86ms)
			SetupLoadedEditorAssemblies (812ms)
				LogAssemblyErrors (0ms)
				InitializePlatformSupportModulesInManaged (12ms)
				SetLoadedEditorAssemblies (1ms)
				RefreshPlugins (464ms)
				BeforeProcessingInitializeOnLoad (47ms)
				ProcessInitializeOnLoadAttributes (212ms)
				ProcessInitializeOnLoadMethodAttributes (76ms)
				AfterProcessingInitializeOnLoad (0ms)
				EditorAssembliesLoaded (1ms)
			ExecutionOrderSort2 (0ms)
			AwakeInstancesAfterBackupRestoration (0ms)
Platform modules already initialized, skipping
Registering precompiled user dll's ...
Registered in 0.027503 seconds.
Begin MonoManager ReloadAssembly
Symbol file data-0000022229C4ACB0 doesn't match image C:\Users\zyx20\GitHub\ReZeroDream\ReZeroDream\Library\ScriptAssemblies\Assembly-CSharp-Editor.dll
Symbol file LoadedFromMemory is not a mono symbol file
Symbol file LoadedFromMemory doesn't match image C:\Users\zyx20\GitHub\ReZeroDream\ReZeroDream\Library\PackageCache\com.unity.visualscripting@1.7.8\Editor\VisualScripting.Core\Dependencies\YamlDotNet\Unity.VisualScripting.YamlDotNet.dll
Symbol file LoadedFromMemory doesn't match image C:\Users\zyx20\GitHub\ReZeroDream\ReZeroDream\Library\PackageCache\com.unity.visualscripting@1.7.8\Editor\VisualScripting.Core\Dependencies\DotNetZip\Unity.VisualScripting.IonicZip.dll
Native extension for WindowsStandalone target not found
Refreshing native plugins compatible for Editor in 474.49 ms, found 3 plugins.
Preloading 0 native plugins for Editor in 0.00 ms.
Mono: successfully reloaded assembly
- Completed reload, in  4.479 seconds
Domain Reload Profiling:
	ReloadAssembly (4482ms)
		BeginReloadAssembly (426ms)
			ExecutionOrderSort (0ms)
			DisableScriptedObjects (12ms)
			BackupInstance (0ms)
			ReleaseScriptingObjects (0ms)
			CreateAndSetChildDomain (46ms)
		EndReloadAssembly (3850ms)
			LoadAssemblies (337ms)
			RebuildTransferFunctionScriptingTraits (0ms)
			SetupTypeCache (1164ms)
			ReleaseScriptCaches (1ms)
			RebuildScriptCaches (180ms)
			SetupLoadedEditorAssemblies (1820ms)
				LogAssemblyErrors (0ms)
				InitializePlatformSupportModulesInManaged (13ms)
				SetLoadedEditorAssemblies (0ms)
				RefreshPlugins (475ms)
				BeforeProcessingInitializeOnLoad (365ms)
				ProcessInitializeOnLoadAttributes (909ms)
				ProcessInitializeOnLoadMethodAttributes (28ms)
				AfterProcessingInitializeOnLoad (29ms)
				EditorAssembliesLoaded (1ms)
			ExecutionOrderSort2 (0ms)
			AwakeInstancesAfterBackupRestoration (17ms)
Platform modules already initialized, skipping
========================================================================
Worker process is ready to serve import requests
Launched and connected shader compiler UnityShaderCompiler.exe after 0.15 seconds
Refreshing native plugins compatible for Editor in 2.43 ms, found 3 plugins.
Preloading 0 native plugins for Editor in 0.00 ms.
Unloading 4952 Unused Serialized files (Serialized files now loaded: 0)
System memory in use before: 198.9 MB.
System memory in use after: 199.0 MB.

Unloading 28 unused Assets to reduce memory usage. Loaded Objects now: 5399.
Total: 9.264000 ms (FindLiveObjects: 0.701700 ms CreateObjectMapping: 0.387400 ms MarkObjects: 7.837900 ms  DeleteObjects: 0.334100 ms)

AssetImportParameters requested are different than current active one (requested -> active):
  custom:framework-win-MediaFoundation: 216162199b28c13a410421893ffa2e32 -> 
  custom:video-decoder-ogg-theora: a1e56fd34408186e4bbccfd4996cb3dc -> 
  custom:container-muxer-webm: aa71ff27fc2769a1b78a27578f13a17b -> 
  custom:container-demuxer-webm: 4f35f7cbe854078d1ac9338744f61a02 -> 
  custom:container-demuxer-ogg: 62fdf1f143b41e24485cea50d1cbac27 -> 
  custom:video-encoder-webm-vp8: eb34c28f22e8b96e1ab97ce403110664 -> 
  custom:video-decoder-webm-vp8: 9c59270c3fd7afecdb556c50c9e8de78 -> 
  custom:audio-decoder-ogg-vorbis: bf7c407c2cedff20999df2af8eb42d56 -> 
  custom:audio-encoder-webm-vorbis: bf7c407c2cedff20999df2af8eb42d56 -> 
========================================================================
Received Import Request.
  path: Assets/ImportAssets/BarProps/Prefabs/TallSquareTable.dae
  artifactKey: Guid(61cdc424adb3dac4489b3fcb4ee253a3) Importer(815301076,1909f56bfc062723c751e8b465ee728b)
Start importing Assets/ImportAssets/BarProps/Prefabs/TallSquareTable.dae using Guid(61cdc424adb3dac4489b3fcb4ee253a3) Importer(815301076,1909f56bfc062723c751e8b465ee728b)  -> (artifact id: '5d3c56234a66cafa06dd8506d36be59e') in 0.623927 seconds 
  Import took 0.647811 seconds .

========================================================================
Received Import Request.
  Time since last request: 0.000864 seconds.
  path: Assets/ImportAssets/BarProps/Prefabs
  artifactKey: Guid(40e15b3e6306c044285bb16d42df0a4f) Importer(815301076,1909f56bfc062723c751e8b465ee728b)
Start importing Assets/ImportAssets/BarProps/Prefabs using Guid(40e15b3e6306c044285bb16d42df0a4f) Importer(815301076,1909f56bfc062723c751e8b465ee728b)  -> (artifact id: '1183fb43b90c836ebb744253badf3898') in 0.010414 seconds 
  Import took 0.032329 seconds .

========================================================================
Received Import Request.
  Time since last request: 0.000657 seconds.
  path: Assets/ImportAssets/BarProps/Prefabs/WoodenSwivelStoolNoBack.dae
  artifactKey: Guid(71d9f81915b42544fadc600329c27b25) Importer(815301076,1909f56bfc062723c751e8b465ee728b)
Start importing Assets/ImportAssets/BarProps/Prefabs/WoodenSwivelStoolNoBack.dae using Guid(71d9f81915b42544fadc600329c27b25) Importer(815301076,1909f56bfc062723c751e8b465ee728b)  -> (artifact id: '64dc7712a282dce37b7e94d3be95fed8') in 0.120873 seconds 
  Import took 0.152807 seconds .

========================================================================
Received Import Request.
  Time since last request: 0.000751 seconds.
  path: Assets/ImportAssets/BarProps/Prefabs/SquareTable.dae
  artifactKey: Guid(60e892bc26a066649ab14df704128623) Importer(815301076,1909f56bfc062723c751e8b465ee728b)
Start importing Assets/ImportAssets/BarProps/Prefabs/SquareTable.dae using Guid(60e892bc26a066649ab14df704128623) Importer(815301076,1909f56bfc062723c751e8b465ee728b)  -> (artifact id: '9b9950b9aa88fff83ae9d3b92c82f647') in 0.072383 seconds 
  Import took 0.096038 seconds .

========================================================================
Received Import Request.
  Time since last request: 0.000763 seconds.
  path: Assets/ImportAssets/BarProps/Prefabs/TallRoundTable.dae
  artifactKey: Guid(63fca6f7605661246ba17828e535919e) Importer(815301076,1909f56bfc062723c751e8b465ee728b)
Start importing Assets/ImportAssets/BarProps/Prefabs/TallRoundTable.dae using Guid(63fca6f7605661246ba17828e535919e) Importer(815301076,1909f56bfc062723c751e8b465ee728b)  -> (artifact id: '0dc23efa16f7899e5b16477639295c47') in 0.101068 seconds 
  Import took 0.123077 seconds .

========================================================================
Received Import Request.
  Time since last request: 0.000701 seconds.
  path: Assets/ImportAssets/BarProps/Prefabs/RoundTable.dae
  artifactKey: Guid(2a4091fd6acfbeb468005c5cf0e37038) Importer(815301076,1909f56bfc062723c751e8b465ee728b)
Start importing Assets/ImportAssets/BarProps/Prefabs/RoundTable.dae using Guid(2a4091fd6acfbeb468005c5cf0e37038) Importer(815301076,1909f56bfc062723c751e8b465ee728b)  -> (artifact id: 'b763f3ee724fb7a3b5cc7c33574d724e') in 0.071680 seconds 
  Import took 0.093602 seconds .

========================================================================
Received Import Request.
  Time since last request: 0.000707 seconds.
  path: Assets/ImportAssets/BarProps/Prefabs/WoodenSwivelStoolBacked.dae
  artifactKey: Guid(f0d5b74cf97ad1347ac0b47c22055c33) Importer(815301076,1909f56bfc062723c751e8b465ee728b)
Start importing Assets/ImportAssets/BarProps/Prefabs/WoodenSwivelStoolBacked.dae using Guid(f0d5b74cf97ad1347ac0b47c22055c33) Importer(815301076,1909f56bfc062723c751e8b465ee728b)  -> (artifact id: '6b2e9e6e5fe6a576037614e8cfb8d6c4') in 0.075333 seconds 
  Import took 0.096333 seconds .

========================================================================
Received Import Request.
  Time since last request: 0.000656 seconds.
  path: Assets/ImportAssets/BarProps/Prefabs/WoodenSeatBacked.dae
  artifactKey: Guid(e5f6c578761bc4e41a03985bf01ba61b) Importer(815301076,1909f56bfc062723c751e8b465ee728b)
Start importing Assets/ImportAssets/BarProps/Prefabs/WoodenSeatBacked.dae using Guid(e5f6c578761bc4e41a03985bf01ba61b) Importer(815301076,1909f56bfc062723c751e8b465ee728b)  -> (artifact id: '19f003f6a32416b1989245cba8b1e738') in 0.071388 seconds 
  Import took 0.092884 seconds .

========================================================================
Received Import Request.
  Time since last request: 0.000741 seconds.
  path: Assets/ImportAssets/BarProps/Prefabs/WoodenStoolBacked.dae
  artifactKey: Guid(58029078ad80eac4993a755bab37f842) Importer(815301076,1909f56bfc062723c751e8b465ee728b)
Start importing Assets/ImportAssets/BarProps/Prefabs/WoodenStoolBacked.dae using Guid(58029078ad80eac4993a755bab37f842) Importer(815301076,1909f56bfc062723c751e8b465ee728b)  -> (artifact id: '27894b8ba5b5d03a8f81a612e070279d') in 0.095257 seconds 
  Import took 0.113717 seconds .

========================================================================
Received Import Request.
  Time since last request: 0.000831 seconds.
  path: Assets/ImportAssets/BarProps/Prefabs/OldSchoolBarstoolNoBack.dae
  artifactKey: Guid(8bde7a2dfc7335041bcd7c5e2b0e257b) Importer(815301076,1909f56bfc062723c751e8b465ee728b)
Start importing Assets/ImportAssets/BarProps/Prefabs/OldSchoolBarstoolNoBack.dae using Guid(8bde7a2dfc7335041bcd7c5e2b0e257b) Importer(815301076,1909f56bfc062723c751e8b465ee728b)  -> (artifact id: 'fd3ce3d763aa315b92f1337c11b7fac1') in 0.070638 seconds 
  Import took 0.091632 seconds .

========================================================================
Received Import Request.
  Time since last request: 0.000683 seconds.
  path: Assets/ImportAssets/BarProps/Prefabs/OldSchoolBarstoolBacked.dae
  artifactKey: Guid(1b743ccd38691d542850f73f43bef3ef) Importer(815301076,1909f56bfc062723c751e8b465ee728b)
Start importing Assets/ImportAssets/BarProps/Prefabs/OldSchoolBarstoolBacked.dae using Guid(1b743ccd38691d542850f73f43bef3ef) Importer(815301076,1909f56bfc062723c751e8b465ee728b)  -> (artifact id: '1b47bea92e0d7a40d7bed0b84fa9c1f9') in 0.071863 seconds 
  Import took 0.093184 seconds .

========================================================================
Received Import Request.
  Time since last request: 607.570697 seconds.
  path: Assets/Sounds/bgm
  artifactKey: Guid(bfe872345f5a6d84796ddba8d5b3fd25) Importer(815301076,1909f56bfc062723c751e8b465ee728b)
Start importing Assets/Sounds/bgm using Guid(bfe872345f5a6d84796ddba8d5b3fd25) Importer(815301076,1909f56bfc062723c751e8b465ee728b)  -> (artifact id: '4c81f4cf2dfa047209b7fef147154f5d') in 0.011418 seconds 
  Import took 0.037675 seconds .

========================================================================
Received Import Request.
  Time since last request: 274.214803 seconds.
  path: Assets/Sounds/bgm/water_drink.mp3
  artifactKey: Guid(026896ad73a26d546b976ae3959d9a2e) Importer(815301076,1909f56bfc062723c751e8b465ee728b)
Start importing Assets/Sounds/bgm/water_drink.mp3 using Guid(026896ad73a26d546b976ae3959d9a2e) Importer(815301076,1909f56bfc062723c751e8b465ee728b)  -> (artifact id: 'dbd74ea74cec0e268c57500be6399e95') in 0.134834 seconds 
  Import took 0.154035 seconds .

========================================================================
Received Import Request.
  Time since last request: 3.814422 seconds.
  path: Assets/Sounds/bgm/heartbeat.mp3
  artifactKey: Guid(62db4350602cac044bf958f6f15b1dbf) Importer(815301076,1909f56bfc062723c751e8b465ee728b)
Start importing Assets/Sounds/bgm/heartbeat.mp3 using Guid(62db4350602cac044bf958f6f15b1dbf) Importer(815301076,1909f56bfc062723c751e8b465ee728b)  -> (artifact id: 'c047b22c2e59ed23b380021a12eec5e9') in 0.023712 seconds 
  Import took 0.037771 seconds .

AssetImportWorkerClient::OnTransportError - code=2 error=End of file
