Using pre-set license
Built from '2020.3/staging' branch; Version is '2020.3.17f1 (a4537701e4ab) revision 10769271'; Using compiler version '192528614'; Build Type 'Release'
OS: 'Windows 10 Home; OS build 22000.856; Version 2009; 64bit' Language: 'ko' Physical Memory: 16051 MB
BatchMode: 1, IsHumanControllingUs: 0, StartBugReporterOnCrash: 0, Is64bit: 1, IsPro: 0

COMMAND LINE ARGUMENTS:
C:\Program Files\Unity\Hub\Editor\2020.3.17f1\Editor\Unity.exe
-adb2
-batchMode
-noUpm
-name
AssetImportWorker0
-projectPath
C:/Users/Yudain/Documents/GitHub/ReZeroDream/ReZeroDream
-logFile
Logs/AssetImportWorker0.log
-srvPort
53701
Successfully changed project path to: C:/Users/Yudain/Documents/GitHub/ReZeroDream/ReZeroDream
C:/Users/Yudain/Documents/GitHub/ReZeroDream/ReZeroDream
Using Asset Import Pipeline V2.
Refreshing native plugins compatible for Editor in 129.42 ms, found 3 plugins.
Preloading 0 native plugins for Editor in 0.00 ms.
Initialize engine version: 2020.3.17f1 (a4537701e4ab)
[Subsystems] Discovering subsystems at path C:/Program Files/Unity/Hub/Editor/2020.3.17f1/Editor/Data/Resources/UnitySubsystems
[Subsystems] Discovering subsystems at path C:/Users/Yudain/Documents/GitHub/ReZeroDream/ReZeroDream/Assets
GfxDevice: creating device client; threaded=0
Direct3D:
    Version:  Direct3D 11.0 [level 11.1]
    Renderer: NVIDIA GeForce RTX 3060 Laptop GPU (ID=0x2520)
    Vendor:   
    VRAM:     6023 MB
    Driver:   31.0.15.1694
Initialize mono
Mono path[0] = 'C:/Program Files/Unity/Hub/Editor/2020.3.17f1/Editor/Data/Managed'
Mono path[1] = 'C:/Program Files/Unity/Hub/Editor/2020.3.17f1/Editor/Data/MonoBleedingEdge/lib/mono/unityjit'
Mono config path = 'C:/Program Files/Unity/Hub/Editor/2020.3.17f1/Editor/Data/MonoBleedingEdge/etc'
Using monoOptions --debugger-agent=transport=dt_socket,embedding=1,server=y,suspend=n,address=127.0.0.1:56144
Begin MonoManager ReloadAssembly
Registering precompiled unity dll's ...
Register platform support module: C:/Program Files/Unity/Hub/Editor/2020.3.17f1/Editor/Data/PlaybackEngines/WindowsStandaloneSupport/UnityEditor.WindowsStandalone.Extensions.dll
Registered in 0.001621 seconds.
Native extension for WindowsStandalone target not found
Refreshing native plugins compatible for Editor in 105.52 ms, found 3 plugins.
Preloading 0 native plugins for Editor in 0.00 ms.
Mono: successfully reloaded assembly
- Completed reload, in  1.407 seconds
Domain Reload Profiling:
	ReloadAssembly (1407ms)
		BeginReloadAssembly (31ms)
			ExecutionOrderSort (0ms)
			DisableScriptedObjects (0ms)
			BackupInstance (0ms)
			ReleaseScriptingObjects (0ms)
			CreateAndSetChildDomain (0ms)
		EndReloadAssembly (330ms)
			LoadAssemblies (30ms)
			RebuildTransferFunctionScriptingTraits (0ms)
			SetupTypeCache (86ms)
			ReleaseScriptCaches (0ms)
			RebuildScriptCaches (15ms)
			SetupLoadedEditorAssemblies (184ms)
				LogAssemblyErrors (0ms)
				InitializePlatformSupportModulesInManaged (3ms)
				SetLoadedEditorAssemblies (0ms)
				RefreshPlugins (106ms)
				BeforeProcessingInitializeOnLoad (5ms)
				ProcessInitializeOnLoadAttributes (51ms)
				ProcessInitializeOnLoadMethodAttributes (19ms)
				AfterProcessingInitializeOnLoad (0ms)
				EditorAssembliesLoaded (0ms)
			ExecutionOrderSort2 (0ms)
			AwakeInstancesAfterBackupRestoration (0ms)
Platform modules already initialized, skipping
Registering precompiled user dll's ...
Registered in 0.004567 seconds.
Begin MonoManager ReloadAssembly
Symbol file data-0000027406BC3010 doesn't match image C:\Users\Yudain\Documents\GitHub\ReZeroDream\ReZeroDream\Library\ScriptAssemblies\Unity.VisualScripting.Flow.Editor.dll
Symbol file LoadedFromMemory is not a mono symbol file
Symbol file data-0000027406BAC350 doesn't match image C:\Users\Yudain\Documents\GitHub\ReZeroDream\ReZeroDream\Library\ScriptAssemblies\Unity.VSCode.Editor.dll
Symbol file LoadedFromMemory is not a mono symbol file
Symbol file data-0000027406BA66F0 doesn't match image C:\Users\Yudain\Documents\GitHub\ReZeroDream\ReZeroDream\Library\ScriptAssemblies\Unity.RenderPipelines.Universal.Shaders.dll
Symbol file LoadedFromMemory is not a mono symbol file
Symbol file data-0000027406A8C530 doesn't match image C:\Users\Yudain\Documents\GitHub\ReZeroDream\ReZeroDream\Library\ScriptAssemblies\Unity.RenderPipelines.Universal.Runtime.dll
Symbol file LoadedFromMemory is not a mono symbol file
Symbol file data-0000027406789400 doesn't match image C:\Users\Yudain\Documents\GitHub\ReZeroDream\ReZeroDream\Library\ScriptAssemblies\Unity.TextMeshPro.Editor.dll
Symbol file LoadedFromMemory is not a mono symbol file
Symbol file data-000002740679EA10 doesn't match image C:\Users\Yudain\Documents\GitHub\ReZeroDream\ReZeroDream\Library\ScriptAssemblies\Unity.VisualStudio.Editor.dll
Symbol file LoadedFromMemory is not a mono symbol file
Symbol file data-000002740B825230 doesn't match image C:\Users\Yudain\Documents\GitHub\ReZeroDream\ReZeroDream\Library\ScriptAssemblies\UnityEngine.TestRunner.dll
Symbol file LoadedFromMemory is not a mono symbol file
Symbol file data-0000027406BCE620 doesn't match image C:\Users\Yudain\Documents\GitHub\ReZeroDream\ReZeroDream\Library\ScriptAssemblies\Unity.Timeline.dll
Symbol file LoadedFromMemory is not a mono symbol file
Symbol file data-000002740B511010 doesn't match image C:\Users\Yudain\Documents\GitHub\ReZeroDream\ReZeroDream\Library\ScriptAssemblies\Unity.VisualScripting.Core.Editor.dll
Symbol file LoadedFromMemory is not a mono symbol file
Symbol file data-000002740B0B4020 doesn't match image C:\Users\Yudain\Documents\GitHub\ReZeroDream\ReZeroDream\Library\ScriptAssemblies\Unity.TextMeshPro.dll
Symbol file LoadedFromMemory is not a mono symbol file
Symbol file data-000002740679EA10 doesn't match image C:\Users\Yudain\Documents\GitHub\ReZeroDream\ReZeroDream\Library\ScriptAssemblies\Unity.VisualScripting.State.Editor.dll
Symbol file LoadedFromMemory is not a mono symbol file
Symbol file data-000002740C93D010 doesn't match image C:\Users\Yudain\Documents\GitHub\ReZeroDream\ReZeroDream\Library\ScriptAssemblies\UnityEditor.TestRunner.dll
Symbol file LoadedFromMemory is not a mono symbol file
Symbol file data-00000274069B4020 doesn't match image C:\Users\Yudain\Documents\GitHub\ReZeroDream\ReZeroDream\Library\ScriptAssemblies\Unity.Searcher.Editor.dll
Symbol file LoadedFromMemory is not a mono symbol file
Symbol file data-00000274068F7F70 doesn't match image C:\Users\Yudain\Documents\GitHub\ReZeroDream\ReZeroDream\Library\ScriptAssemblies\Unity.VisualScripting.SettingsProvider.Editor.dll
Symbol file LoadedFromMemory is not a mono symbol file
Symbol file data-000002740C94D020 doesn't match image C:\Users\Yudain\Documents\GitHub\ReZeroDream\ReZeroDream\Library\ScriptAssemblies\Unity.RenderPipelines.Core.Runtime.dll
Symbol file LoadedFromMemory is not a mono symbol file
Symbol file data-00000274067624B0 doesn't match image C:\Users\Yudain\Documents\GitHub\ReZeroDream\ReZeroDream\Library\ScriptAssemblies\Unity.ShaderGraph.Utilities.dll
Symbol file LoadedFromMemory is not a mono symbol file
Symbol file data-000002740B577020 doesn't match image C:\Users\Yudain\Documents\GitHub\ReZeroDream\ReZeroDream\Library\ScriptAssemblies\Unity.VisualScripting.Flow.dll
Symbol file LoadedFromMemory is not a mono symbol file
Symbol file data-00000274068ED2D0 doesn't match image C:\Users\Yudain\Documents\GitHub\ReZeroDream\ReZeroDream\Library\ScriptAssemblies\UnityEditor.UI.dll
Symbol file LoadedFromMemory is not a mono symbol file
Symbol file data-000002740AF90020 doesn't match image C:\Users\Yudain\Documents\GitHub\ReZeroDream\ReZeroDream\Library\ScriptAssemblies\Unity.InputSystem.dll
Symbol file LoadedFromMemory is not a mono symbol file
Symbol file data-00000274068ED2D0 doesn't match image C:\Users\Yudain\Documents\GitHub\ReZeroDream\ReZeroDream\Library\ScriptAssemblies\Unity.Rider.Editor.dll
Symbol file LoadedFromMemory is not a mono symbol file
Symbol file data-000002740C484280 doesn't match image C:\Users\Yudain\Documents\GitHub\ReZeroDream\ReZeroDream\Library\ScriptAssemblies\Unity.RenderPipelines.Core.ShaderLibrary.dll
Symbol file LoadedFromMemory is not a mono symbol file
Symbol file data-000002740B589C30 doesn't match image C:\Users\Yudain\Documents\GitHub\ReZeroDream\ReZeroDream\Library\ScriptAssemblies\UnityEngine.UI.dll
Symbol file LoadedFromMemory is not a mono symbol file
Symbol file data-000002740B5CB020 doesn't match image C:\Users\Yudain\Documents\GitHub\ReZeroDream\ReZeroDream\Library\ScriptAssemblies\Unity.PlasticSCM.Editor.dll
Symbol file LoadedFromMemory is not a mono symbol file
Symbol file data-000002740B5CB020 doesn't match image C:\Users\Yudain\Documents\GitHub\ReZeroDream\ReZeroDream\Library\ScriptAssemblies\Unity.VisualScripting.Core.dll
Symbol file LoadedFromMemory is not a mono symbol file
Symbol file data-000002740B872020 doesn't match image C:\Users\Yudain\Documents\GitHub\ReZeroDream\ReZeroDream\Library\ScriptAssemblies\Unity.Mathematics.dll
Symbol file LoadedFromMemory is not a mono symbol file
Symbol file data-000002740AF22010 doesn't match image C:\Users\Yudain\Documents\GitHub\ReZeroDream\ReZeroDream\Library\ScriptAssemblies\Unity.ShaderGraph.Editor.dll
Symbol file LoadedFromMemory is not a mono symbol file
Symbol file data-0000027406B9CB60 doesn't match image C:\Users\Yudain\Documents\GitHub\ReZeroDream\ReZeroDream\Library\ScriptAssemblies\Unity.Services.Core.Editor.dll
Symbol file LoadedFromMemory is not a mono symbol file
Symbol file data-000002740B589C30 doesn't match image C:\Users\Yudain\Documents\GitHub\ReZeroDream\ReZeroDream\Library\ScriptAssemblies\Cinemachine.dll
Symbol file LoadedFromMemory is not a mono symbol file
Symbol file data-000002740B7CA630 doesn't match image C:\Users\Yudain\Documents\GitHub\ReZeroDream\ReZeroDream\Library\ScriptAssemblies\com.unity.cinemachine.editor.dll
Symbol file LoadedFromMemory is not a mono symbol file
Symbol file data-000002740B589C30 doesn't match image C:\Users\Yudain\Documents\GitHub\ReZeroDream\ReZeroDream\Library\ScriptAssemblies\Unity.RenderPipelines.Universal.Editor.dll
Symbol file LoadedFromMemory is not a mono symbol file
Symbol file data-00000274068F7F70 doesn't match image C:\Users\Yudain\Documents\GitHub\ReZeroDream\ReZeroDream\Library\ScriptAssemblies\Unity.VisualScripting.Shared.Editor.dll
Symbol file LoadedFromMemory is not a mono symbol file
Symbol file data-0000027406BA6510 doesn't match image C:\Users\Yudain\Documents\GitHub\ReZeroDream\ReZeroDream\Library\ScriptAssemblies\Unity.RenderPipeline.Universal.ShaderLibrary.dll
Symbol file LoadedFromMemory is not a mono symbol file
Symbol file data-000002740C484850 doesn't match image C:\Users\Yudain\Documents\GitHub\ReZeroDream\ReZeroDream\Library\ScriptAssemblies\Unity.RenderPipelines.ShaderGraph.ShaderGraphLibrary.dll
Symbol file LoadedFromMemory is not a mono symbol file
Symbol file data-000002740BB21700 doesn't match image C:\Users\Yudain\Documents\GitHub\ReZeroDream\ReZeroDream\Library\ScriptAssemblies\Unity.Timeline.Editor.dll
Symbol file LoadedFromMemory is not a mono symbol file
Symbol file data-0000027406BCE620 doesn't match image C:\Users\Yudain\Documents\GitHub\ReZeroDream\ReZeroDream\Library\ScriptAssemblies\Unity.CollabProxy.Editor.dll
Symbol file LoadedFromMemory is not a mono symbol file
Symbol file data-000002740654F440 doesn't match image C:\Users\Yudain\Documents\GitHub\ReZeroDream\ReZeroDream\Library\ScriptAssemblies\Unity.Mathematics.Editor.dll
Symbol file LoadedFromMemory is not a mono symbol file
Symbol file data-000002740B3D0010 doesn't match image C:\Users\Yudain\Documents\GitHub\ReZeroDream\ReZeroDream\Library\ScriptAssemblies\Unity.RenderPipelines.Core.Editor.dll
Symbol file LoadedFromMemory is not a mono symbol file
Symbol file data-0000027406BAC350 doesn't match image C:\Users\Yudain\Documents\GitHub\ReZeroDream\ReZeroDream\Library\ScriptAssemblies\Unity.VisualScripting.State.dll
Symbol file LoadedFromMemory is not a mono symbol file
Symbol file LoadedFromMemory doesn't match image C:\Users\Yudain\Documents\GitHub\ReZeroDream\ReZeroDream\Library\PackageCache\com.unity.visualscripting@1.7.8\Editor\VisualScripting.Core\Dependencies\YamlDotNet\Unity.VisualScripting.YamlDotNet.dll
Symbol file LoadedFromMemory doesn't match image C:\Users\Yudain\Documents\GitHub\ReZeroDream\ReZeroDream\Library\PackageCache\com.unity.visualscripting@1.7.8\Editor\VisualScripting.Core\Dependencies\DotNetZip\Unity.VisualScripting.IonicZip.dll
Native extension for WindowsStandalone target not found
Refreshing native plugins compatible for Editor in 136.36 ms, found 3 plugins.
Preloading 0 native plugins for Editor in 0.00 ms.
Mono: successfully reloaded assembly
- Completed reload, in  1.087 seconds
Domain Reload Profiling:
	ReloadAssembly (1087ms)
		BeginReloadAssembly (134ms)
			ExecutionOrderSort (0ms)
			DisableScriptedObjects (4ms)
			BackupInstance (0ms)
			ReleaseScriptingObjects (0ms)
			CreateAndSetChildDomain (20ms)
		EndReloadAssembly (907ms)
			LoadAssemblies (106ms)
			RebuildTransferFunctionScriptingTraits (0ms)
			SetupTypeCache (252ms)
			ReleaseScriptCaches (1ms)
			RebuildScriptCaches (41ms)
			SetupLoadedEditorAssemblies (441ms)
				LogAssemblyErrors (0ms)
				InitializePlatformSupportModulesInManaged (14ms)
				SetLoadedEditorAssemblies (0ms)
				RefreshPlugins (136ms)
				BeforeProcessingInitializeOnLoad (72ms)
				ProcessInitializeOnLoadAttributes (209ms)
				ProcessInitializeOnLoadMethodAttributes (6ms)
				AfterProcessingInitializeOnLoad (4ms)
				EditorAssembliesLoaded (0ms)
			ExecutionOrderSort2 (0ms)
			AwakeInstancesAfterBackupRestoration (4ms)
Platform modules already initialized, skipping
========================================================================
Worker process is ready to serve import requests
Launched and connected shader compiler UnityShaderCompiler.exe after 0.06 seconds
Refreshing native plugins compatible for Editor in 0.99 ms, found 3 plugins.
Preloading 0 native plugins for Editor in 0.00 ms.
Unloading 4955 Unused Serialized files (Serialized files now loaded: 0)
System memory in use before: 198.8 MB.
System memory in use after: 199.0 MB.

Unloading 28 unused Assets to reduce memory usage. Loaded Objects now: 5392.
Total: 3.112300 ms (FindLiveObjects: 0.244700 ms CreateObjectMapping: 0.130100 ms MarkObjects: 2.607400 ms  DeleteObjects: 0.126700 ms)

AssetImportParameters requested are different than current active one (requested -> active):
  custom:framework-win-MediaFoundation: 216162199b28c13a410421893ffa2e32 -> 
  custom:video-decoder-ogg-theora: a1e56fd34408186e4bbccfd4996cb3dc -> 
  custom:container-muxer-webm: aa71ff27fc2769a1b78a27578f13a17b -> 
  custom:container-demuxer-webm: 4f35f7cbe854078d1ac9338744f61a02 -> 
  custom:container-demuxer-ogg: 62fdf1f143b41e24485cea50d1cbac27 -> 
  custom:video-encoder-webm-vp8: eb34c28f22e8b96e1ab97ce403110664 -> 
  custom:video-codec-MediaFoundation-h265: 746d11721c4dcdbdad8f713fa42b33f4 -> 
  custom:video-decoder-webm-vp8: 9c59270c3fd7afecdb556c50c9e8de78 -> 
  custom:audio-decoder-ogg-vorbis: bf7c407c2cedff20999df2af8eb42d56 -> 
  custom:audio-encoder-webm-vorbis: bf7c407c2cedff20999df2af8eb42d56 -> 
========================================================================
Received Import Request.
  path: Assets/Fonts/UhBee charming SDF.asset
  artifactKey: Guid(efe99cd9c820f9142b763d2ca6b8f0db) Importer(815301076,1909f56bfc062723c751e8b465ee728b)
Start importing Assets/Fonts/UhBee charming SDF.asset using Guid(efe99cd9c820f9142b763d2ca6b8f0db) Importer(815301076,1909f56bfc062723c751e8b465ee728b)  -> (artifact id: 'f2e71bc3c139f7d52829f75da827de10') in 0.478342 seconds 
  Import took 0.488047 seconds .

========================================================================
Received Import Request.
  Time since last request: 0.000282 seconds.
  path: Assets/Fonts/DungGeunMo SDF.asset
  artifactKey: Guid(691e9a23c62e4194f8999d865e6d701b) Importer(815301076,1909f56bfc062723c751e8b465ee728b)
Start importing Assets/Fonts/DungGeunMo SDF.asset using Guid(691e9a23c62e4194f8999d865e6d701b) Importer(815301076,1909f56bfc062723c751e8b465ee728b)  -> (artifact id: '1ef5a21a6ad0abd33fcc51c5c26a75e6') in 0.244381 seconds 
  Import took 0.253099 seconds .

========================================================================
Received Import Request.
  Time since last request: 0.000687 seconds.
  path: Assets/Fonts/UhBee charming.ttf
  artifactKey: Guid(3a87e23356fc25e43adf4aed952fc6f7) Importer(815301076,1909f56bfc062723c751e8b465ee728b)
Start importing Assets/Fonts/UhBee charming.ttf using Guid(3a87e23356fc25e43adf4aed952fc6f7) Importer(815301076,1909f56bfc062723c751e8b465ee728b)  -> (artifact id: '13d269943db9551841a3211f47b43b48') in 0.054063 seconds 
  Import took 0.062622 seconds .

========================================================================
Received Import Request.
  Time since last request: 0.000616 seconds.
  path: Assets/Fonts/UhBee charming Bold.ttf
  artifactKey: Guid(0933b0fcc478e48429d8e13e6303cfc3) Importer(815301076,1909f56bfc062723c751e8b465ee728b)
Start importing Assets/Fonts/UhBee charming Bold.ttf using Guid(0933b0fcc478e48429d8e13e6303cfc3) Importer(815301076,1909f56bfc062723c751e8b465ee728b)  -> (artifact id: 'c5be59b0351b236cf74cd6234dde335e') in 0.024162 seconds 
  Import took 0.033308 seconds .

========================================================================
Received Import Request.
  Time since last request: 0.000735 seconds.
  path: Assets/Fonts/NotoSansKR-Regular SDF.asset
  artifactKey: Guid(06c1e841da8efe146a3b49d6791ef2a0) Importer(815301076,1909f56bfc062723c751e8b465ee728b)
Start importing Assets/Fonts/NotoSansKR-Regular SDF.asset using Guid(06c1e841da8efe146a3b49d6791ef2a0) Importer(815301076,1909f56bfc062723c751e8b465ee728b)  -> (artifact id: 'b56502791fa882f69a330507d223b3ef') in 0.353071 seconds 
  Import took 0.365622 seconds .

========================================================================
Received Import Request.
  Time since last request: 285.215935 seconds.
  path: Assets/Materials/ferriswheel2.mat
  artifactKey: Guid(0700fb16e6a3c114ca3fbc858aa3995d) Importer(815301076,1909f56bfc062723c751e8b465ee728b)
Start importing Assets/Materials/ferriswheel2.mat using Guid(0700fb16e6a3c114ca3fbc858aa3995d) Importer(815301076,1909f56bfc062723c751e8b465ee728b)  -> (artifact id: '0aff06ad0cd6fd92e1f8163e70383848') in 0.036363 seconds 
  Import took 0.054357 seconds .

========================================================================
Received Import Request.
  Time since last request: 64.311714 seconds.
  path: Assets/ImportAssets/PolygonCity/Textures/BillboardAds.png
  artifactKey: Guid(4358b945d59bcc54a8d357279a0d3567) Importer(815301076,1909f56bfc062723c751e8b465ee728b)
Start importing Assets/ImportAssets/PolygonCity/Textures/BillboardAds.png using Guid(4358b945d59bcc54a8d357279a0d3567) Importer(815301076,1909f56bfc062723c751e8b465ee728b)  -> (artifact id: 'e09fda04cc331f6a754ec449c39c9d30') in 0.020902 seconds 
  Import took 0.028338 seconds .

========================================================================
Received Import Request.
  Time since last request: 0.000390 seconds.
  path: Assets/ImportAssets/PolygonCity/Textures/PolygonCity_Texture_Skyline.tga
  artifactKey: Guid(8d6dbba04bf21784ea83db299e1d8550) Importer(815301076,1909f56bfc062723c751e8b465ee728b)
Start importing Assets/ImportAssets/PolygonCity/Textures/PolygonCity_Texture_Skyline.tga using Guid(8d6dbba04bf21784ea83db299e1d8550) Importer(815301076,1909f56bfc062723c751e8b465ee728b)  -> (artifact id: '5f8b5ecb9b65b098ac4c38f802f8909d') in 0.040271 seconds 
  Import took 0.047526 seconds .

========================================================================
Received Import Request.
  Time since last request: 0.000481 seconds.
  path: Assets/ImportAssets/PolygonCity/Textures/PolygonCity_Road_02.png
  artifactKey: Guid(b0aee7d175f35024cba261b5f3400236) Importer(815301076,1909f56bfc062723c751e8b465ee728b)
Start importing Assets/ImportAssets/PolygonCity/Textures/PolygonCity_Road_02.png using Guid(b0aee7d175f35024cba261b5f3400236) Importer(815301076,1909f56bfc062723c751e8b465ee728b)  -> (artifact id: '7276bf2a0f49dd2b9f22d7bf39d91d51') in 0.008275 seconds 
  Import took 0.014976 seconds .

========================================================================
Received Import Request.
  Time since last request: 0.000241 seconds.
  path: Assets/ImportAssets/PolygonCity/Textures/PolygonCity_Texture_04_A.png
  artifactKey: Guid(d4156ce4a0acb374eaceabd8e5c3146c) Importer(815301076,1909f56bfc062723c751e8b465ee728b)
Start importing Assets/ImportAssets/PolygonCity/Textures/PolygonCity_Texture_04_A.png using Guid(d4156ce4a0acb374eaceabd8e5c3146c) Importer(815301076,1909f56bfc062723c751e8b465ee728b)  -> (artifact id: 'fdf9db3b8d0ea21859f07f1d4bc3d6f1') in 0.008147 seconds 
  Import took 0.014351 seconds .

========================================================================
Received Import Request.
  Time since last request: 0.000383 seconds.
  path: Assets/ImportAssets/PolygonCity/Textures/PolygonCity_Texture_03_C.png
  artifactKey: Guid(fb28081f4cefc0047858e77e21deb92c) Importer(815301076,1909f56bfc062723c751e8b465ee728b)
Start importing Assets/ImportAssets/PolygonCity/Textures/PolygonCity_Texture_03_C.png using Guid(fb28081f4cefc0047858e77e21deb92c) Importer(815301076,1909f56bfc062723c751e8b465ee728b)  -> (artifact id: 'b4d64a776c25e09fcf19335e2fd25f3b') in 0.009331 seconds 
  Import took 0.015588 seconds .

========================================================================
Received Import Request.
  Time since last request: 0.000389 seconds.
  path: Assets/ImportAssets/PolygonCity/Textures/Emissive_03.png
  artifactKey: Guid(5b180a3347057294a826ebec48642b81) Importer(815301076,1909f56bfc062723c751e8b465ee728b)
Start importing Assets/ImportAssets/PolygonCity/Textures/Emissive_03.png using Guid(5b180a3347057294a826ebec48642b81) Importer(815301076,1909f56bfc062723c751e8b465ee728b)  -> (artifact id: '4d97c0c45673ba2635ddb91a2fabda5e') in 0.010769 seconds 
  Import took 0.017455 seconds .

========================================================================
Received Import Request.
  Time since last request: 0.000475 seconds.
  path: Assets/ImportAssets/PolygonCity/Textures/Emissive_01.png
  artifactKey: Guid(ed8c76cfaa7f4f04da86bd288543e61c) Importer(815301076,1909f56bfc062723c751e8b465ee728b)
Start importing Assets/ImportAssets/PolygonCity/Textures/Emissive_01.png using Guid(ed8c76cfaa7f4f04da86bd288543e61c) Importer(815301076,1909f56bfc062723c751e8b465ee728b)  -> (artifact id: '2d16a60957b1f46a409e453f3909e8cc') in 0.007435 seconds 
  Import took 0.013531 seconds .

========================================================================
Received Import Request.
  Time since last request: 0.000274 seconds.
  path: Assets/ImportAssets/PolygonCity/Textures/Emissive_04.png
  artifactKey: Guid(2ba1ae7111c6bd7418687fe1eae44b6a) Importer(815301076,1909f56bfc062723c751e8b465ee728b)
Start importing Assets/ImportAssets/PolygonCity/Textures/Emissive_04.png using Guid(2ba1ae7111c6bd7418687fe1eae44b6a) Importer(815301076,1909f56bfc062723c751e8b465ee728b)  -> (artifact id: '5262a765d192d03e52bbb5f50a6d7f07') in 0.017344 seconds 
  Import took 0.023302 seconds .

========================================================================
Received Import Request.
  Time since last request: 0.000328 seconds.
  path: Assets/ImportAssets/PolygonCity/Textures/PolygonCity_Texture_04_C.png
  artifactKey: Guid(d2085ccbd691b134ba81f1666e575f92) Importer(815301076,1909f56bfc062723c751e8b465ee728b)
Start importing Assets/ImportAssets/PolygonCity/Textures/PolygonCity_Texture_04_C.png using Guid(d2085ccbd691b134ba81f1666e575f92) Importer(815301076,1909f56bfc062723c751e8b465ee728b)  -> (artifact id: '4c8ff5644ee1493392cc9faa742bfc41') in 0.009987 seconds 
  Import took 0.016962 seconds .

========================================================================
Received Import Request.
  Time since last request: 0.000363 seconds.
  path: Assets/ImportAssets/PolygonCity/Textures/PolygonCity_Road_01.png
  artifactKey: Guid(822f2495881c757478b3661b1e47c074) Importer(815301076,1909f56bfc062723c751e8b465ee728b)
Start importing Assets/ImportAssets/PolygonCity/Textures/PolygonCity_Road_01.png using Guid(822f2495881c757478b3661b1e47c074) Importer(815301076,1909f56bfc062723c751e8b465ee728b)  -> (artifact id: '0fd6489c3dafd84de676d61fe33db803') in 0.007793 seconds 
  Import took 0.014986 seconds .

========================================================================
Received Import Request.
  Time since last request: 0.000381 seconds.
  path: Assets/ImportAssets/PolygonCity/Textures/Emissive_02.png
  artifactKey: Guid(17ba766c1b474a645b65fcaf9fe4e017) Importer(815301076,1909f56bfc062723c751e8b465ee728b)
Start importing Assets/ImportAssets/PolygonCity/Textures/Emissive_02.png using Guid(17ba766c1b474a645b65fcaf9fe4e017) Importer(815301076,1909f56bfc062723c751e8b465ee728b)  -> (artifact id: 'e52ffae103281b4549843dfe1f167dd7') in 0.009464 seconds 
  Import took 0.016788 seconds .

========================================================================
Received Import Request.
  Time since last request: 0.000280 seconds.
  path: Assets/ImportAssets/PolygonCity/Textures/PolygonCity_Texture_Normal.png
  artifactKey: Guid(b993ae890161b184188e417d77e0e1a3) Importer(815301076,1909f56bfc062723c751e8b465ee728b)
Start importing Assets/ImportAssets/PolygonCity/Textures/PolygonCity_Texture_Normal.png using Guid(b993ae890161b184188e417d77e0e1a3) Importer(815301076,1909f56bfc062723c751e8b465ee728b)  -> (artifact id: 'b790dde5afb18798f407d8e01b37726e') in 0.013036 seconds 
  Import took 0.020092 seconds .

========================================================================
Received Import Request.
  Time since last request: 0.000327 seconds.
  path: Assets/ImportAssets/PolygonCity/Textures/PolygonCity_Road_Normal.png
  artifactKey: Guid(5be367dffa6dac448b585fe12407f916) Importer(815301076,1909f56bfc062723c751e8b465ee728b)
Start importing Assets/ImportAssets/PolygonCity/Textures/PolygonCity_Road_Normal.png using Guid(5be367dffa6dac448b585fe12407f916) Importer(815301076,1909f56bfc062723c751e8b465ee728b)  -> (artifact id: '02296884f8f72ab63a2f5ce94bb19ec3') in 0.008133 seconds 
  Import took 0.014214 seconds .

========================================================================
Received Import Request.
  Time since last request: 0.000301 seconds.
  path: Assets/ImportAssets/PolygonCity/Textures/PolygonCity_Texture_03_B.png
  artifactKey: Guid(36feb82263c3ae54b9317c97603a3bce) Importer(815301076,1909f56bfc062723c751e8b465ee728b)
Start importing Assets/ImportAssets/PolygonCity/Textures/PolygonCity_Texture_03_B.png using Guid(36feb82263c3ae54b9317c97603a3bce) Importer(815301076,1909f56bfc062723c751e8b465ee728b)  -> (artifact id: 'd08b1388e35049c1c8ab3733d717d9db') in 0.008245 seconds 
  Import took 0.015664 seconds .

========================================================================
Received Import Request.
  Time since last request: 0.000212 seconds.
  path: Assets/ImportAssets/PolygonCity/Textures/PolygonCity_Texture_Metallic.tga
  artifactKey: Guid(2da74f2130b2ca74faacbcaaa83c5a44) Importer(815301076,1909f56bfc062723c751e8b465ee728b)
Start importing Assets/ImportAssets/PolygonCity/Textures/PolygonCity_Texture_Metallic.tga using Guid(2da74f2130b2ca74faacbcaaa83c5a44) Importer(815301076,1909f56bfc062723c751e8b465ee728b)  -> (artifact id: '59a52ae6b95e1da7a29c096d7c739957') in 0.014965 seconds 
  Import took 0.021362 seconds .

========================================================================
Received Import Request.
  Time since last request: 0.000216 seconds.
  path: Assets/ImportAssets/PolygonCity/Textures/Emissive_05.png
  artifactKey: Guid(87da7817733e9cd4cb23d782d17f0b10) Importer(815301076,1909f56bfc062723c751e8b465ee728b)
Start importing Assets/ImportAssets/PolygonCity/Textures/Emissive_05.png using Guid(87da7817733e9cd4cb23d782d17f0b10) Importer(815301076,1909f56bfc062723c751e8b465ee728b)  -> (artifact id: '77ff2bfb2370f640ad1e1f74fd9b182f') in 0.009879 seconds 
  Import took 0.019686 seconds .

========================================================================
Received Import Request.
  Time since last request: 0.000971 seconds.
  path: Assets/ImportAssets/PolygonCity/Textures/PolygonCity_Texture_02_A.png
  artifactKey: Guid(564f29d2c3b83c04bb90ba2d657b2421) Importer(815301076,1909f56bfc062723c751e8b465ee728b)
Start importing Assets/ImportAssets/PolygonCity/Textures/PolygonCity_Texture_02_A.png using Guid(564f29d2c3b83c04bb90ba2d657b2421) Importer(815301076,1909f56bfc062723c751e8b465ee728b)  -> (artifact id: '33d16d25c69f39ca35d982f7081f6aa7') in 0.008107 seconds 
  Import took 0.016174 seconds .

========================================================================
Received Import Request.
  Time since last request: 0.000202 seconds.
  path: Assets/ImportAssets/PolygonCity/Textures/PolygonCity_Texture_01_C.png
  artifactKey: Guid(8b3b5dcefb13f9749adfaa0009fa7561) Importer(815301076,1909f56bfc062723c751e8b465ee728b)
Start importing Assets/ImportAssets/PolygonCity/Textures/PolygonCity_Texture_01_C.png using Guid(8b3b5dcefb13f9749adfaa0009fa7561) Importer(815301076,1909f56bfc062723c751e8b465ee728b)  -> (artifact id: 'c9ee1edc9a0df8d6f7ba20c747fef03e') in 0.007948 seconds 
  Import took 0.015119 seconds .

========================================================================
Received Import Request.
  Time since last request: 0.000249 seconds.
  path: Assets/ImportAssets/PolygonCity/Textures/PolygonCity_Texture_03_A.png
  artifactKey: Guid(f5c48780090280a41b793512dfce44c9) Importer(815301076,1909f56bfc062723c751e8b465ee728b)
Start importing Assets/ImportAssets/PolygonCity/Textures/PolygonCity_Texture_03_A.png using Guid(f5c48780090280a41b793512dfce44c9) Importer(815301076,1909f56bfc062723c751e8b465ee728b)  -> (artifact id: '00b58892f4fed956d452cd02049dc567') in 0.008637 seconds 
  Import took 0.015156 seconds .

========================================================================
Received Import Request.
  Time since last request: 0.000260 seconds.
  path: Assets/ImportAssets/PolygonCity/Textures/PolygonCity_Texture.png
  artifactKey: Guid(37ef2dab4a7fd874a928511f5fbed144) Importer(815301076,1909f56bfc062723c751e8b465ee728b)
Start importing Assets/ImportAssets/PolygonCity/Textures/PolygonCity_Texture.png using Guid(37ef2dab4a7fd874a928511f5fbed144) Importer(815301076,1909f56bfc062723c751e8b465ee728b)  -> (artifact id: 'fe0c02ddc185b2a9f79f5eda733b66d5') in 0.011007 seconds 
  Import took 0.017417 seconds .

========================================================================
Received Import Request.
  Time since last request: 0.000190 seconds.
  path: Assets/ImportAssets/PolygonCity/Textures/PolygonCity_Texture_01_B.png
  artifactKey: Guid(344af90ed60f96447801596dc5194c70) Importer(815301076,1909f56bfc062723c751e8b465ee728b)
Start importing Assets/ImportAssets/PolygonCity/Textures/PolygonCity_Texture_01_B.png using Guid(344af90ed60f96447801596dc5194c70) Importer(815301076,1909f56bfc062723c751e8b465ee728b)  -> (artifact id: '590ee9e5dd6cd40369d789ce2f9a2bcb') in 0.017626 seconds 
  Import took 0.025364 seconds .

========================================================================
Received Import Request.
  Time since last request: 0.000198 seconds.
  path: Assets/ImportAssets/PolygonCity/Textures/PolygonCity_Road_03.png
  artifactKey: Guid(d1d7d6c3f4b9261429dc572d51ceeed0) Importer(815301076,1909f56bfc062723c751e8b465ee728b)
Start importing Assets/ImportAssets/PolygonCity/Textures/PolygonCity_Road_03.png using Guid(d1d7d6c3f4b9261429dc572d51ceeed0) Importer(815301076,1909f56bfc062723c751e8b465ee728b)  -> (artifact id: 'd5c8c66f08153f94ccf70b15ef1115da') in 0.007428 seconds 
  Import took 0.016730 seconds .

========================================================================
Received Import Request.
  Time since last request: 0.000173 seconds.
  path: Assets/ImportAssets/PolygonCity/Textures/PolygonCity_Texture_04_B.png
  artifactKey: Guid(f5c04069b118ad443ae87371c6c4db24) Importer(815301076,1909f56bfc062723c751e8b465ee728b)
Start importing Assets/ImportAssets/PolygonCity/Textures/PolygonCity_Texture_04_B.png using Guid(f5c04069b118ad443ae87371c6c4db24) Importer(815301076,1909f56bfc062723c751e8b465ee728b)  -> (artifact id: '63ab44a9ac45389270c257bd31e564b0') in 0.008228 seconds 
  Import took 0.016114 seconds .

========================================================================
Received Import Request.
  Time since last request: 0.000289 seconds.
  path: Assets/ImportAssets/PolygonCity/Textures/PolygonCity_Road_04.png
  artifactKey: Guid(65258d84a84065b46ae7289c762c580c) Importer(815301076,1909f56bfc062723c751e8b465ee728b)
Start importing Assets/ImportAssets/PolygonCity/Textures/PolygonCity_Road_04.png using Guid(65258d84a84065b46ae7289c762c580c) Importer(815301076,1909f56bfc062723c751e8b465ee728b)  -> (artifact id: 'b6b86bf8bf20de8006ce1fd0e7f24938') in 0.007881 seconds 
  Import took 0.014536 seconds .

========================================================================
Received Import Request.
  Time since last request: 0.000153 seconds.
  path: Assets/ImportAssets/PolygonCity/Textures/PolygonCity_Texture_02_B.png
  artifactKey: Guid(3597477262f71434faded6c191b5e1dc) Importer(815301076,1909f56bfc062723c751e8b465ee728b)
Start importing Assets/ImportAssets/PolygonCity/Textures/PolygonCity_Texture_02_B.png using Guid(3597477262f71434faded6c191b5e1dc) Importer(815301076,1909f56bfc062723c751e8b465ee728b)  -> (artifact id: 'd24c2616743b9be5323a773747996733') in 0.008146 seconds 
  Import took 0.015636 seconds .

========================================================================
Received Import Request.
  Time since last request: 0.000280 seconds.
  path: Assets/ImportAssets/PolygonCity/Textures/PolygonCity_Texture_02_C.png
  artifactKey: Guid(4caaeb2b08a326b4ea412187b3d0b1bb) Importer(815301076,1909f56bfc062723c751e8b465ee728b)
Start importing Assets/ImportAssets/PolygonCity/Textures/PolygonCity_Texture_02_C.png using Guid(4caaeb2b08a326b4ea412187b3d0b1bb) Importer(815301076,1909f56bfc062723c751e8b465ee728b)  -> (artifact id: '164b34e5e99f000f404ee2b0e72dacb9') in 0.008899 seconds 
  Import took 0.016607 seconds .

========================================================================
Received Import Request.
  Time since last request: 0.112029 seconds.
  path: Assets/ImportAssets/PolygonCity/Models/Characters.fbx
  artifactKey: Guid(897b34267f422c1499700402763d096e) Importer(815301076,1909f56bfc062723c751e8b465ee728b)
Start importing Assets/ImportAssets/PolygonCity/Models/Characters.fbx using Guid(897b34267f422c1499700402763d096e) Importer(815301076,1909f56bfc062723c751e8b465ee728b)  -> (artifact id: '9ad3457d3c8d7a09a6e4354fc6e3b48b') in 0.245260 seconds 
  Import took 0.254070 seconds .

========================================================================
Received Import Request.
  Time since last request: 0.000367 seconds.
  path: Assets/ImportAssets/PolygonCity/Models/SM_Bld_Apartment_Stack_03.fbx
  artifactKey: Guid(5028e3428c0f0eb48a8a1cda0783e024) Importer(815301076,1909f56bfc062723c751e8b465ee728b)
Start importing Assets/ImportAssets/PolygonCity/Models/SM_Bld_Apartment_Stack_03.fbx using Guid(5028e3428c0f0eb48a8a1cda0783e024) Importer(815301076,1909f56bfc062723c751e8b465ee728b)  -> (artifact id: 'e812a774a73a28d41006883ab6ba0bff') in 0.029568 seconds 
  Import took 0.039676 seconds .

========================================================================
Received Import Request.
  Time since last request: 0.000439 seconds.
  path: Assets/ImportAssets/PolygonCity/Models/SM_Bld_Apartment_Stairs_Corner_01.fbx
  artifactKey: Guid(35bc2f51d3d7aae41adf7ae636dbd289) Importer(815301076,1909f56bfc062723c751e8b465ee728b)
Start importing Assets/ImportAssets/PolygonCity/Models/SM_Bld_Apartment_Stairs_Corner_01.fbx using Guid(35bc2f51d3d7aae41adf7ae636dbd289) Importer(815301076,1909f56bfc062723c751e8b465ee728b)  -> (artifact id: '2e5e56418c4d150f927554b7313a67a9') in 0.024272 seconds 
  Import took 0.033166 seconds .

========================================================================
Received Import Request.
  Time since last request: 0.000431 seconds.
  path: Assets/ImportAssets/PolygonCity/Models/SM_Bld_Apartment_Door_02.fbx
  artifactKey: Guid(f48e21b468431224285ea1023b046d10) Importer(815301076,1909f56bfc062723c751e8b465ee728b)
Start importing Assets/ImportAssets/PolygonCity/Models/SM_Bld_Apartment_Door_02.fbx using Guid(f48e21b468431224285ea1023b046d10) Importer(815301076,1909f56bfc062723c751e8b465ee728b)  -> (artifact id: '7b4f5b2bf1662895be196b60e80fa25c') in 0.025723 seconds 
  Import took 0.035446 seconds .

========================================================================
Received Import Request.
  Time since last request: 0.000373 seconds.
  path: Assets/ImportAssets/PolygonCity/Models/SM_Bld_Apartment_Stairs_03.fbx
  artifactKey: Guid(8ed874164139d9e44b53c643fb440d7b) Importer(815301076,1909f56bfc062723c751e8b465ee728b)
Start importing Assets/ImportAssets/PolygonCity/Models/SM_Bld_Apartment_Stairs_03.fbx using Guid(8ed874164139d9e44b53c643fb440d7b) Importer(815301076,1909f56bfc062723c751e8b465ee728b)  -> (artifact id: '7a18151c5857c5ada77438a98e4b2092') in 0.020310 seconds 
  Import took 0.028556 seconds .

========================================================================
Received Import Request.
  Time since last request: 0.000300 seconds.
  path: Assets/ImportAssets/PolygonCity/Models/SM_Bld_Apartment_02.fbx
  artifactKey: Guid(7e542005a33c314419c59e77105281fe) Importer(815301076,1909f56bfc062723c751e8b465ee728b)
Start importing Assets/ImportAssets/PolygonCity/Models/SM_Bld_Apartment_02.fbx using Guid(7e542005a33c314419c59e77105281fe) Importer(815301076,1909f56bfc062723c751e8b465ee728b)  -> (artifact id: '52ea75548afd111da4f39177070e917e') in 0.031087 seconds 
  Import took 0.039570 seconds .

========================================================================
Received Import Request.
  Time since last request: 0.000303 seconds.
  path: Assets/ImportAssets/PolygonCity/Models/SM_Bld_Apartment_Corner_01.fbx
  artifactKey: Guid(06d3ff1c6175c8447aef8efdf3667d75) Importer(815301076,1909f56bfc062723c751e8b465ee728b)
Start importing Assets/ImportAssets/PolygonCity/Models/SM_Bld_Apartment_Corner_01.fbx using Guid(06d3ff1c6175c8447aef8efdf3667d75) Importer(815301076,1909f56bfc062723c751e8b465ee728b)  -> (artifact id: '9b29eb4441971e67a9355b18b78e7372') in 0.021668 seconds 
  Import took 0.030420 seconds .

========================================================================
Received Import Request.
  Time since last request: 0.000350 seconds.
  path: Assets/ImportAssets/PolygonCity/Models/SM_Bld_Apartment_Stack_01.fbx
  artifactKey: Guid(702411931968ddf488d1b4a073900bce) Importer(815301076,1909f56bfc062723c751e8b465ee728b)
Start importing Assets/ImportAssets/PolygonCity/Models/SM_Bld_Apartment_Stack_01.fbx using Guid(702411931968ddf488d1b4a073900bce) Importer(815301076,1909f56bfc062723c751e8b465ee728b)  -> (artifact id: 'e923b858881b563d2d087eebb41da9e7') in 0.022920 seconds 
  Import took 0.032103 seconds .

========================================================================
Received Import Request.
  Time since last request: 0.000330 seconds.
  path: Assets/ImportAssets/PolygonCity/Models/SM_Bld_Apartment_03.fbx
  artifactKey: Guid(29880c5e7c1ab104ca8f6bb2b16a79c1) Importer(815301076,1909f56bfc062723c751e8b465ee728b)
Start importing Assets/ImportAssets/PolygonCity/Models/SM_Bld_Apartment_03.fbx using Guid(29880c5e7c1ab104ca8f6bb2b16a79c1) Importer(815301076,1909f56bfc062723c751e8b465ee728b)  -> (artifact id: '0d4c57c665364eb3085dfcdcf5a9bca1') in 0.029794 seconds 
  Import took 0.038464 seconds .

========================================================================
Received Import Request.
  Time since last request: 0.000329 seconds.
  path: Assets/ImportAssets/PolygonCity/Models/SM_Bld_Apartment_Roof_Corner_02.fbx
  artifactKey: Guid(e7cf38253a217fe4cabf427066511634) Importer(815301076,1909f56bfc062723c751e8b465ee728b)
Start importing Assets/ImportAssets/PolygonCity/Models/SM_Bld_Apartment_Roof_Corner_02.fbx using Guid(e7cf38253a217fe4cabf427066511634) Importer(815301076,1909f56bfc062723c751e8b465ee728b)  -> (artifact id: '25c84e537a3ac409298e3d1a5993efaf') in 0.021131 seconds 
  Import took 0.030298 seconds .

========================================================================
Received Import Request.
  Time since last request: 0.000271 seconds.
  path: Assets/ImportAssets/PolygonCity/Models/SM_Bld_Apartment_Stairs_Planter_01.fbx
  artifactKey: Guid(ff5cbf6f60105054b93e3851b435ab4b) Importer(815301076,1909f56bfc062723c751e8b465ee728b)
Start importing Assets/ImportAssets/PolygonCity/Models/SM_Bld_Apartment_Stairs_Planter_01.fbx using Guid(ff5cbf6f60105054b93e3851b435ab4b) Importer(815301076,1909f56bfc062723c751e8b465ee728b)  -> (artifact id: 'ed4e0c64631dd08a719d98745e8c65d4') in 0.023815 seconds 
  Import took 0.033889 seconds .

========================================================================
Received Import Request.
  Time since last request: 0.000343 seconds.
  path: Assets/ImportAssets/PolygonCity/Models/SM_Bld_Apartment_Roof_03.fbx
  artifactKey: Guid(1680ed3bbc402e245983636443985aff) Importer(815301076,1909f56bfc062723c751e8b465ee728b)
Start importing Assets/ImportAssets/PolygonCity/Models/SM_Bld_Apartment_Roof_03.fbx using Guid(1680ed3bbc402e245983636443985aff) Importer(815301076,1909f56bfc062723c751e8b465ee728b)  -> (artifact id: '99f58a43c48e93ba6b0eca589aefc685') in 0.021210 seconds 
  Import took 0.030581 seconds .

========================================================================
Received Import Request.
  Time since last request: 0.000271 seconds.
  path: Assets/ImportAssets/PolygonCity/Models/SM_Bld_Apartment_Roof_01.fbx
  artifactKey: Guid(f286c71f1970ade409f13a3fa171a2a3) Importer(815301076,1909f56bfc062723c751e8b465ee728b)
Start importing Assets/ImportAssets/PolygonCity/Models/SM_Bld_Apartment_Roof_01.fbx using Guid(f286c71f1970ade409f13a3fa171a2a3) Importer(815301076,1909f56bfc062723c751e8b465ee728b)  -> (artifact id: 'b2727136f38cbdc8477642479857a227') in 0.033186 seconds 
  Import took 0.042989 seconds .

========================================================================
Received Import Request.
  Time since last request: 0.000349 seconds.
  path: Assets/ImportAssets/PolygonCity/Models/SM_Bld_Apartment_Corner_03.fbx
  artifactKey: Guid(215c55a401db928499ce6ba99a369d07) Importer(815301076,1909f56bfc062723c751e8b465ee728b)
Start importing Assets/ImportAssets/PolygonCity/Models/SM_Bld_Apartment_Corner_03.fbx using Guid(215c55a401db928499ce6ba99a369d07) Importer(815301076,1909f56bfc062723c751e8b465ee728b)  -> (artifact id: '098865c777ba71013a57081441222abc') in 0.030842 seconds 
  Import took 0.040840 seconds .

========================================================================
Received Import Request.
  Time since last request: 0.000277 seconds.
  path: Assets/ImportAssets/PolygonCity/Models/SM_Bld_Apartment_Stairs_02.fbx
  artifactKey: Guid(9c729cfae9636a24dadc4b4363ba5958) Importer(815301076,1909f56bfc062723c751e8b465ee728b)
Start importing Assets/ImportAssets/PolygonCity/Models/SM_Bld_Apartment_Stairs_02.fbx using Guid(9c729cfae9636a24dadc4b4363ba5958) Importer(815301076,1909f56bfc062723c751e8b465ee728b)  -> (artifact id: '1d16f72a03cf26016de4894bc943f2fb') in 0.029808 seconds 
  Import took 0.039840 seconds .

========================================================================
Received Import Request.
  Time since last request: 0.000327 seconds.
  path: Assets/ImportAssets/PolygonCity/Models/SM_Bld_Apartment_Door_Corner_02.fbx
  artifactKey: Guid(a5e18c6ed29761c42a91151011d03b39) Importer(815301076,1909f56bfc062723c751e8b465ee728b)
Start importing Assets/ImportAssets/PolygonCity/Models/SM_Bld_Apartment_Door_Corner_02.fbx using Guid(a5e18c6ed29761c42a91151011d03b39) Importer(815301076,1909f56bfc062723c751e8b465ee728b)  -> (artifact id: 'b5dfd6254e44b6fb63f74bdfc7afe8ba') in 0.022729 seconds 
  Import took 0.032684 seconds .

========================================================================
Received Import Request.
  Time since last request: 0.000256 seconds.
  path: Assets/ImportAssets/PolygonCity/Models/SM_Bld_Apartment_01.fbx
  artifactKey: Guid(7e4c9c6a708282549adc005136e459f2) Importer(815301076,1909f56bfc062723c751e8b465ee728b)
Start importing Assets/ImportAssets/PolygonCity/Models/SM_Bld_Apartment_01.fbx using Guid(7e4c9c6a708282549adc005136e459f2) Importer(815301076,1909f56bfc062723c751e8b465ee728b)  -> (artifact id: 'f82ae410fc1b0746c02da0695246b774') in 0.025462 seconds 
  Import took 0.035341 seconds .

========================================================================
Received Import Request.
  Time since last request: 0.000382 seconds.
  path: Assets/ImportAssets/PolygonCity/Models/SM_Bld_Apartment_Stairs_01.fbx
  artifactKey: Guid(0beaec8e55b5039469901d884770d7e2) Importer(815301076,1909f56bfc062723c751e8b465ee728b)
Start importing Assets/ImportAssets/PolygonCity/Models/SM_Bld_Apartment_Stairs_01.fbx using Guid(0beaec8e55b5039469901d884770d7e2) Importer(815301076,1909f56bfc062723c751e8b465ee728b)  -> (artifact id: '552ff36f0bd1d04d597a7b0a2184c0a3') in 0.024606 seconds 
  Import took 0.035726 seconds .

========================================================================
Received Import Request.
  Time since last request: 0.000325 seconds.
  path: Assets/ImportAssets/PolygonCity/Models/SM_Bld_Apartment_Stack_02.fbx
  artifactKey: Guid(9722dd2ac8fdbbb4aa8de708ed3effa5) Importer(815301076,1909f56bfc062723c751e8b465ee728b)
Start importing Assets/ImportAssets/PolygonCity/Models/SM_Bld_Apartment_Stack_02.fbx using Guid(9722dd2ac8fdbbb4aa8de708ed3effa5) Importer(815301076,1909f56bfc062723c751e8b465ee728b)  -> (artifact id: 'e7c1495058c65b90d7128bad52c86ddb') in 0.031172 seconds 
  Import took 0.041443 seconds .

========================================================================
Received Import Request.
  Time since last request: 0.000345 seconds.
  path: Assets/ImportAssets/PolygonCity/Models/SM_Bld_Apartment_Roof_Corner_01.fbx
  artifactKey: Guid(bbde8de1b2547d54cb932fa9ac4ce702) Importer(815301076,1909f56bfc062723c751e8b465ee728b)
Start importing Assets/ImportAssets/PolygonCity/Models/SM_Bld_Apartment_Roof_Corner_01.fbx using Guid(bbde8de1b2547d54cb932fa9ac4ce702) Importer(815301076,1909f56bfc062723c751e8b465ee728b)  -> (artifact id: 'e67c1ede8404208dcbf8a99af9e96098') in 0.025763 seconds 
  Import took 0.035690 seconds .

========================================================================
Received Import Request.
  Time since last request: 0.000436 seconds.
  path: Assets/ImportAssets/PolygonCity/Models/SM_Bld_Apartment_Corner_02.fbx
  artifactKey: Guid(7d25cfa8321eccd438d23d1194e46bd9) Importer(815301076,1909f56bfc062723c751e8b465ee728b)
Start importing Assets/ImportAssets/PolygonCity/Models/SM_Bld_Apartment_Corner_02.fbx using Guid(7d25cfa8321eccd438d23d1194e46bd9) Importer(815301076,1909f56bfc062723c751e8b465ee728b)  -> (artifact id: '69bed97efad56d7f8c34b84285c17f8a') in 0.026690 seconds 
  Import took 0.037616 seconds .

========================================================================
Received Import Request.
  Time since last request: 0.000393 seconds.
  path: Assets/ImportAssets/PolygonCity/Models/SM_Bld_Apartment_Roof_02.fbx
  artifactKey: Guid(099ca36ee26636c4594f1f502ff193b5) Importer(815301076,1909f56bfc062723c751e8b465ee728b)
Start importing Assets/ImportAssets/PolygonCity/Models/SM_Bld_Apartment_Roof_02.fbx using Guid(099ca36ee26636c4594f1f502ff193b5) Importer(815301076,1909f56bfc062723c751e8b465ee728b)  -> (artifact id: '321532b539b04bdac48dbe519bdc56cc') in 0.027961 seconds 
  Import took 0.039599 seconds .

========================================================================
Received Import Request.
  Time since last request: 0.000458 seconds.
  path: Assets/ImportAssets/PolygonCity/Models/SM_Bld_Apartment_Roof_Corner_03.fbx
  artifactKey: Guid(d538fa79d8588ee42ab4601b7d0dfa49) Importer(815301076,1909f56bfc062723c751e8b465ee728b)
Start importing Assets/ImportAssets/PolygonCity/Models/SM_Bld_Apartment_Roof_Corner_03.fbx using Guid(d538fa79d8588ee42ab4601b7d0dfa49) Importer(815301076,1909f56bfc062723c751e8b465ee728b)  -> (artifact id: '997b20e527e4cfeccd34c999a0b6091e') in 0.033109 seconds 
  Import took 0.044733 seconds .

========================================================================
Received Import Request.
  Time since last request: 0.000391 seconds.
  path: Assets/ImportAssets/PolygonCity/Models/SM_Bld_Apartment_Door_01.fbx
  artifactKey: Guid(b4e92f91613439040b43108a49a4f3b3) Importer(815301076,1909f56bfc062723c751e8b465ee728b)
Start importing Assets/ImportAssets/PolygonCity/Models/SM_Bld_Apartment_Door_01.fbx using Guid(b4e92f91613439040b43108a49a4f3b3) Importer(815301076,1909f56bfc062723c751e8b465ee728b)  -> (artifact id: '8e3947d9cbf8b90195270cfc33a93214') in 0.030421 seconds 
  Import took 0.042579 seconds .

========================================================================
Received Import Request.
  Time since last request: 0.000358 seconds.
  path: Assets/ImportAssets/PolygonCity/Models/SM_Bld_Apartment_Door_Corner_01.fbx
  artifactKey: Guid(f35208ca6691ecf4a8d08eeaaa90beda) Importer(815301076,1909f56bfc062723c751e8b465ee728b)
Start importing Assets/ImportAssets/PolygonCity/Models/SM_Bld_Apartment_Door_Corner_01.fbx using Guid(f35208ca6691ecf4a8d08eeaaa90beda) Importer(815301076,1909f56bfc062723c751e8b465ee728b)  -> (artifact id: 'c4e4503f10c769c0fc09d0e052ae5cb1') in 0.028424 seconds 
  Import took 0.039929 seconds .

========================================================================
Received Import Request.
  Time since last request: 2.032604 seconds.
  path: Assets/ImportAssets/PolygonCity/Prefabs/Characters
  artifactKey: Guid(3057162e47aef7a4a9ba89964c82facb) Importer(815301076,1909f56bfc062723c751e8b465ee728b)
Start importing Assets/ImportAssets/PolygonCity/Prefabs/Characters using Guid(3057162e47aef7a4a9ba89964c82facb) Importer(815301076,1909f56bfc062723c751e8b465ee728b)  -> (artifact id: 'c418917f98acfc2e08d427f88fd93fb2') in 0.003168 seconds 
  Import took 0.012589 seconds .

========================================================================
Received Import Request.
  Time since last request: 0.041450 seconds.
  path: Assets/ImportAssets/PolygonCity/Prefabs/Characters/Character_BusinessMan_Shirt_01.prefab
  artifactKey: Guid(5e488cfd825ce044395037d93a9d8eb6) Importer(815301076,1909f56bfc062723c751e8b465ee728b)
Start importing Assets/ImportAssets/PolygonCity/Prefabs/Characters/Character_BusinessMan_Shirt_01.prefab using Guid(5e488cfd825ce044395037d93a9d8eb6) Importer(815301076,1909f56bfc062723c751e8b465ee728b)  -> (artifact id: '4110c940554254e14ab7499ce32ee76a') in 0.023420 seconds 
  Import took 0.030253 seconds .

========================================================================
Received Import Request.
  Time since last request: 0.000383 seconds.
  path: Assets/ImportAssets/PolygonCity/Prefabs/Characters/Character_Male_Police_01.prefab
  artifactKey: Guid(498a13929c1393e44be1126bcadc448b) Importer(815301076,1909f56bfc062723c751e8b465ee728b)
Start importing Assets/ImportAssets/PolygonCity/Prefabs/Characters/Character_Male_Police_01.prefab using Guid(498a13929c1393e44be1126bcadc448b) Importer(815301076,1909f56bfc062723c751e8b465ee728b)  -> (artifact id: 'b519daf016c0de6063a5c16058a58b8b') in 0.035372 seconds 
  Import took 0.041869 seconds .

========================================================================
Received Import Request.
  Time since last request: 0.000491 seconds.
  path: Assets/ImportAssets/PolygonCity/Prefabs/Characters/Character_Male_Jacket_01.prefab
  artifactKey: Guid(5f6cbb0f4dd572e47ab1ee6c2a3a36d1) Importer(815301076,1909f56bfc062723c751e8b465ee728b)
Start importing Assets/ImportAssets/PolygonCity/Prefabs/Characters/Character_Male_Jacket_01.prefab using Guid(5f6cbb0f4dd572e47ab1ee6c2a3a36d1) Importer(815301076,1909f56bfc062723c751e8b465ee728b)  -> (artifact id: '703453b4bd15a7cfb11304c74efa818a') in 0.025320 seconds 
  Import took 0.032742 seconds .

========================================================================
Received Import Request.
  Time since last request: 0.000347 seconds.
  path: Assets/ImportAssets/PolygonCity/Prefabs/Characters/Character_BusinessMan_Suit_01.prefab
  artifactKey: Guid(471247d5cf89b2c46bcde0f08524197e) Importer(815301076,1909f56bfc062723c751e8b465ee728b)
Start importing Assets/ImportAssets/PolygonCity/Prefabs/Characters/Character_BusinessMan_Suit_01.prefab using Guid(471247d5cf89b2c46bcde0f08524197e) Importer(815301076,1909f56bfc062723c751e8b465ee728b)  -> (artifact id: 'aea767402f88be6b22fd2574c9ba9a14') in 0.020050 seconds 
  Import took 0.027380 seconds .

========================================================================
Received Import Request.
  Time since last request: 0.000495 seconds.
  path: Assets/ImportAssets/PolygonCity/Prefabs/Characters/Character_Female_Police_01.prefab
  artifactKey: Guid(adad89669382b0743a2c2f162c9601b0) Importer(815301076,1909f56bfc062723c751e8b465ee728b)
Start importing Assets/ImportAssets/PolygonCity/Prefabs/Characters/Character_Female_Police_01.prefab using Guid(adad89669382b0743a2c2f162c9601b0) Importer(815301076,1909f56bfc062723c751e8b465ee728b)  -> (artifact id: '3f0916bb5ba7357fd494d5a9038719b9') in 0.023120 seconds 
  Import took 0.029531 seconds .

========================================================================
Received Import Request.
  Time since last request: 0.000331 seconds.
  path: Assets/ImportAssets/PolygonCity/Prefabs/Characters/Character_Male_Hoodie_01.prefab
  artifactKey: Guid(48b470c6a762f60438c631f219257520) Importer(815301076,1909f56bfc062723c751e8b465ee728b)
Start importing Assets/ImportAssets/PolygonCity/Prefabs/Characters/Character_Male_Hoodie_01.prefab using Guid(48b470c6a762f60438c631f219257520) Importer(815301076,1909f56bfc062723c751e8b465ee728b)  -> (artifact id: 'd9ef269215eb397c16e2aaa4676a67a4') in 0.030170 seconds 
  Import took 0.038507 seconds .

========================================================================
Received Import Request.
  Time since last request: 0.000279 seconds.
  path: Assets/ImportAssets/PolygonCity/Prefabs/Characters/Character_Female_Jacket_01.prefab
  artifactKey: Guid(841e8e4f1a54c754396b7559d1cc6fad) Importer(815301076,1909f56bfc062723c751e8b465ee728b)
Start importing Assets/ImportAssets/PolygonCity/Prefabs/Characters/Character_Female_Jacket_01.prefab using Guid(841e8e4f1a54c754396b7559d1cc6fad) Importer(815301076,1909f56bfc062723c751e8b465ee728b)  -> (artifact id: '821ca3bb19cc73033b0c58f034868c5e') in 0.021256 seconds 
  Import took 0.029257 seconds .

========================================================================
Received Import Request.
  Time since last request: 0.000500 seconds.
  path: Assets/ImportAssets/PolygonCity/Prefabs/Characters/Character_BusinessWoman_01.prefab
  artifactKey: Guid(6412c6bdd410913469520a05a1632885) Importer(815301076,1909f56bfc062723c751e8b465ee728b)
Start importing Assets/ImportAssets/PolygonCity/Prefabs/Characters/Character_BusinessWoman_01.prefab using Guid(6412c6bdd410913469520a05a1632885) Importer(815301076,1909f56bfc062723c751e8b465ee728b)  -> (artifact id: 'dc19910b0fa3f83af782f7175ceee3d9') in 0.024561 seconds 
  Import took 0.033153 seconds .

========================================================================
Received Import Request.
  Time since last request: 16.630842 seconds.
  path: Assets/ImportAssets/PolygonTown/Prefabs/Characters/Character_Daughter_01.prefab
  artifactKey: Guid(7726852b74327584980d2b8f88a12239) Importer(815301076,1909f56bfc062723c751e8b465ee728b)
Start importing Assets/ImportAssets/PolygonTown/Prefabs/Characters/Character_Daughter_01.prefab using Guid(7726852b74327584980d2b8f88a12239) Importer(815301076,1909f56bfc062723c751e8b465ee728b)  -> (artifact id: '90f13c126725936f17a450b729c9e6e3') in 0.055727 seconds 
  Import took 0.062946 seconds .

========================================================================
Received Import Request.
  Time since last request: 0.000411 seconds.
  path: Assets/ImportAssets/PolygonTown/Prefabs/Characters/Character_Mother_02.prefab
  artifactKey: Guid(81984b095a0d9ba4fb19e7c0a3819ad6) Importer(815301076,1909f56bfc062723c751e8b465ee728b)
Start importing Assets/ImportAssets/PolygonTown/Prefabs/Characters/Character_Mother_02.prefab using Guid(81984b095a0d9ba4fb19e7c0a3819ad6) Importer(815301076,1909f56bfc062723c751e8b465ee728b)  -> (artifact id: '1aa1cb3d01e4e4319ba85ca76b41e504') in 0.033689 seconds 
  Import took 0.040662 seconds .

========================================================================
Received Import Request.
  Time since last request: 0.000670 seconds.
  path: Assets/ImportAssets/PolygonTown/Prefabs/Characters/Character_SchoolGirl_01.prefab
  artifactKey: Guid(a90e7553c408fc14a82f8743fc214d69) Importer(815301076,1909f56bfc062723c751e8b465ee728b)
Start importing Assets/ImportAssets/PolygonTown/Prefabs/Characters/Character_SchoolGirl_01.prefab using Guid(a90e7553c408fc14a82f8743fc214d69) Importer(815301076,1909f56bfc062723c751e8b465ee728b)  -> (artifact id: '9008f7c23f4a331c3af45253a39f3491') in 0.040363 seconds 
  Import took 0.047466 seconds .

========================================================================
Received Import Request.
  Time since last request: 0.000169 seconds.
  path: Assets/ImportAssets/PolygonTown/Prefabs/Characters/Character_Father_02.prefab
  artifactKey: Guid(7d4d82511439be645bea1229f6c97998) Importer(815301076,1909f56bfc062723c751e8b465ee728b)
Start importing Assets/ImportAssets/PolygonTown/Prefabs/Characters/Character_Father_02.prefab using Guid(7d4d82511439be645bea1229f6c97998) Importer(815301076,1909f56bfc062723c751e8b465ee728b)  -> (artifact id: '8c9585071d0fa2ff3a00b8cc3912be88') in 0.032244 seconds 
  Import took 0.040746 seconds .

========================================================================
Received Import Request.
  Time since last request: 0.000257 seconds.
  path: Assets/ImportAssets/PolygonTown/Prefabs/Characters/Character_ShopKeeper_01.prefab
  artifactKey: Guid(a92acd4090533d84bb62ba63b05c0db5) Importer(815301076,1909f56bfc062723c751e8b465ee728b)
Start importing Assets/ImportAssets/PolygonTown/Prefabs/Characters/Character_ShopKeeper_01.prefab using Guid(a92acd4090533d84bb62ba63b05c0db5) Importer(815301076,1909f56bfc062723c751e8b465ee728b)  -> (artifact id: '471b2221294ee7a79985ae75d27131fa') in 0.035079 seconds 
  Import took 0.044062 seconds .

========================================================================
Received Import Request.
  Time since last request: 0.000352 seconds.
  path: Assets/ImportAssets/PolygonTown/Prefabs/Characters/Character_Son_01.prefab
  artifactKey: Guid(91b945b0668d8214598d65c9246536a4) Importer(815301076,1909f56bfc062723c751e8b465ee728b)
Start importing Assets/ImportAssets/PolygonTown/Prefabs/Characters/Character_Son_01.prefab using Guid(91b945b0668d8214598d65c9246536a4) Importer(815301076,1909f56bfc062723c751e8b465ee728b)  -> (artifact id: 'ce0a4b9c131896fccfc0aa7253f70396') in 0.033324 seconds 
  Import took 0.041571 seconds .

========================================================================
Received Import Request.
  Time since last request: 0.000297 seconds.
  path: Assets/ImportAssets/PolygonTown/Prefabs/Characters/Character_Mother_01.prefab
  artifactKey: Guid(0774b3aa9983d294e859db07a1f79702) Importer(815301076,1909f56bfc062723c751e8b465ee728b)
Start importing Assets/ImportAssets/PolygonTown/Prefabs/Characters/Character_Mother_01.prefab using Guid(0774b3aa9983d294e859db07a1f79702) Importer(815301076,1909f56bfc062723c751e8b465ee728b)  -> (artifact id: '0cc56f3d87455c27784b69eed6b174cb') in 0.031868 seconds 
  Import took 0.039588 seconds .

========================================================================
Received Import Request.
  Time since last request: 0.000311 seconds.
  path: Assets/ImportAssets/PolygonTown/Prefabs/Characters/Character_Father_01.prefab
  artifactKey: Guid(35766b28d8e49b145a31be45abb3077c) Importer(815301076,1909f56bfc062723c751e8b465ee728b)
Start importing Assets/ImportAssets/PolygonTown/Prefabs/Characters/Character_Father_01.prefab using Guid(35766b28d8e49b145a31be45abb3077c) Importer(815301076,1909f56bfc062723c751e8b465ee728b)  -> (artifact id: 'd8ae0d646ade1c0406667c603b94cad5') in 0.028918 seconds 
  Import took 0.036519 seconds .

========================================================================
Received Import Request.
  Time since last request: 26.930985 seconds.
  path: Assets/ImportAssets/PolygonTown/Models/Characters/Characters.fbx
  artifactKey: Guid(2f51be603ea52db45be54e6116872d0c) Importer(815301076,1909f56bfc062723c751e8b465ee728b)
Start importing Assets/ImportAssets/PolygonTown/Models/Characters/Characters.fbx using Guid(2f51be603ea52db45be54e6116872d0c) Importer(815301076,1909f56bfc062723c751e8b465ee728b)  -> (artifact id: 'bd9a91e66a1d35060689b79ce2430af0') in 0.164722 seconds 
  Import took 0.186246 seconds .

========================================================================
Received Import Request.
  Time since last request: 139.701954 seconds.
  path: Assets/Scenes
  artifactKey: Guid(643ae84ae9f9ab6478d91c96db8aa63f) Importer(815301076,1909f56bfc062723c751e8b465ee728b)
Start importing Assets/Scenes using Guid(643ae84ae9f9ab6478d91c96db8aa63f) Importer(815301076,1909f56bfc062723c751e8b465ee728b)  -> (artifact id: '3583cd9ce980208c2629b97da2ad3ff7') in 0.001819 seconds 
  Import took 0.010220 seconds .

========================================================================
Received Import Request.
  Time since last request: 5.950157 seconds.
  path: Assets/Scenes/dain.unity
  artifactKey: Guid(9d112d27f32dfeb4cb3328ad79e1fed5) Importer(815301076,1909f56bfc062723c751e8b465ee728b)
Start importing Assets/Scenes/dain.unity using Guid(9d112d27f32dfeb4cb3328ad79e1fed5) Importer(815301076,1909f56bfc062723c751e8b465ee728b)  -> (artifact id: '6c6b492b28fd538af5b606fea9d1bd5e') in 0.002769 seconds 
  Import took 0.010619 seconds .

AssetImportWorkerClient::OnTransportError - code=2 error=End of file
